{"E:\\Project\\Solo Rent\\Solo Rent FrontEnd\\src\\App.jsx": {"path":"E:\\Project\\Solo Rent\\Solo Rent FrontEnd\\src\\App.jsx","statementMap":{"0":{"start":{"line":18,"column":16},"end":{"line":18,"column":45}},"1":{"start":{"line":19,"column":2},"end":{"line":19,"column":53}},"2":{"start":{"line":23,"column":2},"end":{"line":51,"column":4}}},"fnMap":{"0":{"name":"ProtectedRoute","decl":{"start":{"line":17,"column":9},"end":{"line":17,"column":23}},"loc":{"start":{"line":17,"column":38},"end":{"line":20,"column":1}},"line":17},"1":{"name":"App","decl":{"start":{"line":22,"column":9},"end":{"line":22,"column":12}},"loc":{"start":{"line":22,"column":15},"end":{"line":52,"column":1}},"line":22}},"branchMap":{"0":{"loc":{"start":{"line":19,"column":9},"end":{"line":19,"column":52}},"type":"cond-expr","locations":[{"start":{"line":19,"column":17},"end":{"line":19,"column":25}},{"start":{"line":19,"column":28},"end":{"line":19,"column":52}}],"line":19}},"s":{"0":0,"1":0,"2":0},"f":{"0":0,"1":0},"b":{"0":[0,0]}}
,"E:\\Project\\Solo Rent\\Solo Rent FrontEnd\\src\\Compornents\\BodyContent\\BodyContent.jsx": {"path":"E:\\Project\\Solo Rent\\Solo Rent FrontEnd\\src\\Compornents\\BodyContent\\BodyContent.jsx","statementMap":{"0":{"start":{"line":4,"column":2},"end":{"line":9,"column":3}}},"fnMap":{"0":{"name":"BodyContent","decl":{"start":{"line":3,"column":9},"end":{"line":3,"column":20}},"loc":{"start":{"line":3,"column":28},"end":{"line":10,"column":1}},"line":3}},"branchMap":{},"s":{"0":0},"f":{"0":0},"b":{}}
,"E:\\Project\\Solo Rent\\Solo Rent FrontEnd\\src\\Compornents\\CardContent\\DashboardCard.jsx": {"path":"E:\\Project\\Solo Rent\\Solo Rent FrontEnd\\src\\Compornents\\CardContent\\DashboardCard.jsx","statementMap":{"0":{"start":{"line":3,"column":22},"end":{"line":81,"column":1}},"1":{"start":{"line":12,"column":19},"end":{"line":19,"column":3}},"2":{"start":{"line":22,"column":21},"end":{"line":29,"column":3}},"3":{"start":{"line":32,"column":21},"end":{"line":36,"column":3}},"4":{"start":{"line":39,"column":20},"end":{"line":39,"column":74}},"5":{"start":{"line":40,"column":21},"end":{"line":40,"column":61}},"6":{"start":{"line":41,"column":21},"end":{"line":41,"column":69}},"7":{"start":{"line":44,"column":2},"end":{"line":56,"column":3}},"8":{"start":{"line":45,"column":4},"end":{"line":55,"column":6}},"9":{"start":{"line":58,"column":2},"end":{"line":80,"column":4}}},"fnMap":{"0":{"name":"(anonymous_0)","decl":{"start":{"line":3,"column":22},"end":{"line":3,"column":23}},"loc":{"start":{"line":10,"column":6},"end":{"line":81,"column":1}},"line":10}},"branchMap":{"0":{"loc":{"start":{"line":7,"column":2},"end":{"line":7,"column":14}},"type":"default-arg","locations":[{"start":{"line":7,"column":10},"end":{"line":7,"column":14}}],"line":7},"1":{"loc":{"start":{"line":8,"column":2},"end":{"line":8,"column":21}},"type":"default-arg","locations":[{"start":{"line":8,"column":12},"end":{"line":8,"column":21}}],"line":8},"2":{"loc":{"start":{"line":9,"column":2},"end":{"line":9,"column":19}},"type":"default-arg","locations":[{"start":{"line":9,"column":14},"end":{"line":9,"column":19}}],"line":9},"3":{"loc":{"start":{"line":32,"column":21},"end":{"line":36,"column":3}},"type":"binary-expr","locations":[{"start":{"line":32,"column":21},"end":{"line":32,"column":26}},{"start":{"line":32,"column":30},"end":{"line":36,"column":3}}],"line":32},"4":{"loc":{"start":{"line":44,"column":2},"end":{"line":56,"column":3}},"type":"if","locations":[{"start":{"line":44,"column":2},"end":{"line":56,"column":3}},{"start":{},"end":{}}],"line":44},"5":{"loc":{"start":{"line":65,"column":11},"end":{"line":70,"column":11}},"type":"binary-expr","locations":[{"start":{"line":65,"column":11},"end":{"line":65,"column":16}},{"start":{"line":66,"column":12},"end":{"line":69,"column":18}}],"line":65},"6":{"loc":{"start":{"line":67,"column":15},"end":{"line":67,"column":71}},"type":"binary-expr","locations":[{"start":{"line":67,"column":15},"end":{"line":67,"column":25}},{"start":{"line":67,"column":29},"end":{"line":67,"column":71}}],"line":67},"7":{"loc":{"start":{"line":73,"column":9},"end":{"line":77,"column":9}},"type":"binary-expr","locations":[{"start":{"line":73,"column":9},"end":{"line":73,"column":13}},{"start":{"line":74,"column":10},"end":{"line":76,"column":16}}],"line":73}},"s":{"0":0,"1":0,"2":0,"3":0,"4":0,"5":0,"6":0,"7":0,"8":0,"9":0},"f":{"0":0},"b":{"0":[0],"1":[0],"2":[0],"3":[0,0],"4":[0,0],"5":[0,0],"6":[0,0],"7":[0,0]}}
,"E:\\Project\\Solo Rent\\Solo Rent FrontEnd\\src\\Compornents\\CarouselContent\\CarouselContent.jsx": {"path":"E:\\Project\\Solo Rent\\Solo Rent FrontEnd\\src\\Compornents\\CarouselContent\\CarouselContent.jsx","statementMap":{"0":{"start":{"line":4,"column":2},"end":{"line":105,"column":4}}},"fnMap":{"0":{"name":"CarouselContent","decl":{"start":{"line":3,"column":9},"end":{"line":3,"column":24}},"loc":{"start":{"line":3,"column":27},"end":{"line":106,"column":1}},"line":3}},"branchMap":{},"s":{"0":0},"f":{"0":0},"b":{}}
,"E:\\Project\\Solo Rent\\Solo Rent FrontEnd\\src\\Compornents\\ChatContent\\Chatwindow.jsx": {"path":"E:\\Project\\Solo Rent\\Solo Rent FrontEnd\\src\\Compornents\\ChatContent\\Chatwindow.jsx","statementMap":{"0":{"start":{"line":5,"column":27},"end":{"line":10,"column":1}},"1":{"start":{"line":12,"column":32},"end":{"line":12,"column":44}},"2":{"start":{"line":13,"column":34},"end":{"line":20,"column":4}},"3":{"start":{"line":21,"column":36},"end":{"line":21,"column":51}},"4":{"start":{"line":22,"column":25},"end":{"line":22,"column":37}},"5":{"start":{"line":23,"column":19},"end":{"line":23,"column":31}},"6":{"start":{"line":25,"column":2},"end":{"line":27,"column":17}},"7":{"start":{"line":26,"column":4},"end":{"line":26,"column":21}},"8":{"start":{"line":29,"column":2},"end":{"line":33,"column":9}},"9":{"start":{"line":30,"column":4},"end":{"line":32,"column":5}},"10":{"start":{"line":31,"column":6},"end":{"line":31,"column":31}},"11":{"start":{"line":34,"column":25},"end":{"line":38,"column":3}},"12":{"start":{"line":35,"column":4},"end":{"line":37,"column":7}},"13":{"start":{"line":39,"column":28},"end":{"line":121,"column":3}},"14":{"start":{"line":40,"column":4},"end":{"line":40,"column":29}},"15":{"start":{"line":40,"column":22},"end":{"line":40,"column":29}},"16":{"start":{"line":42,"column":24},"end":{"line":47,"column":5}},"17":{"start":{"line":48,"column":4},"end":{"line":48,"column":50}},"18":{"start":{"line":48,"column":26},"end":{"line":48,"column":48}},"19":{"start":{"line":49,"column":4},"end":{"line":49,"column":19}},"20":{"start":{"line":50,"column":4},"end":{"line":50,"column":23}},"21":{"start":{"line":51,"column":4},"end":{"line":76,"column":5}},"22":{"start":{"line":53,"column":6},"end":{"line":53,"column":64}},"23":{"start":{"line":53,"column":37},"end":{"line":53,"column":62}},"24":{"start":{"line":55,"column":26},"end":{"line":60,"column":7}},"25":{"start":{"line":61,"column":6},"end":{"line":61,"column":52}},"26":{"start":{"line":61,"column":28},"end":{"line":61,"column":50}},"27":{"start":{"line":64,"column":6},"end":{"line":64,"column":54}},"28":{"start":{"line":65,"column":6},"end":{"line":73,"column":9}},"29":{"start":{"line":65,"column":28},"end":{"line":73,"column":7}},"30":{"start":{"line":75,"column":6},"end":{"line":75,"column":26}},"31":{"start":{"line":122,"column":25},"end":{"line":139,"column":3}},"32":{"start":{"line":123,"column":26},"end":{"line":123,"column":48}},"33":{"start":{"line":124,"column":4},"end":{"line":137,"column":5}},"34":{"start":{"line":125,"column":6},"end":{"line":125,"column":54}},"35":{"start":{"line":126,"column":11},"end":{"line":137,"column":5}},"36":{"start":{"line":127,"column":6},"end":{"line":127,"column":109}},"37":{"start":{"line":128,"column":11},"end":{"line":137,"column":5}},"38":{"start":{"line":132,"column":6},"end":{"line":132,"column":103}},"39":{"start":{"line":133,"column":11},"end":{"line":137,"column":5}},"40":{"start":{"line":134,"column":6},"end":{"line":134,"column":70}},"41":{"start":{"line":135,"column":11},"end":{"line":137,"column":5}},"42":{"start":{"line":136,"column":6},"end":{"line":136,"column":47}},"43":{"start":{"line":138,"column":4},"end":{"line":138,"column":74}},"44":{"start":{"line":140,"column":24},"end":{"line":145,"column":3}},"45":{"start":{"line":141,"column":4},"end":{"line":144,"column":5}},"46":{"start":{"line":142,"column":6},"end":{"line":142,"column":25}},"47":{"start":{"line":143,"column":6},"end":{"line":143,"column":33}},"48":{"start":{"line":146,"column":34},"end":{"line":148,"column":3}},"49":{"start":{"line":147,"column":4},"end":{"line":147,"column":32}},"50":{"start":{"line":149,"column":2},"end":{"line":228,"column":4}},"51":{"start":{"line":169,"column":10},"end":{"line":174,"column":12}},"52":{"start":{"line":190,"column":14},"end":{"line":196,"column":23}},"53":{"start":{"line":192,"column":31},"end":{"line":192,"column":64}},"54":{"start":{"line":210,"column":29},"end":{"line":210,"column":55}},"55":{"start":{"line":214,"column":27},"end":{"line":214,"column":53}}},"fnMap":{"0":{"name":"ChatWindow","decl":{"start":{"line":11,"column":9},"end":{"line":11,"column":19}},"loc":{"start":{"line":11,"column":33},"end":{"line":229,"column":1}},"line":11},"1":{"name":"(anonymous_1)","decl":{"start":{"line":25,"column":12},"end":{"line":25,"column":13}},"loc":{"start":{"line":25,"column":18},"end":{"line":27,"column":3}},"line":25},"2":{"name":"(anonymous_2)","decl":{"start":{"line":29,"column":12},"end":{"line":29,"column":13}},"loc":{"start":{"line":29,"column":18},"end":{"line":33,"column":3}},"line":29},"3":{"name":"(anonymous_3)","decl":{"start":{"line":34,"column":25},"end":{"line":34,"column":26}},"loc":{"start":{"line":34,"column":31},"end":{"line":38,"column":3}},"line":34},"4":{"name":"(anonymous_4)","decl":{"start":{"line":39,"column":28},"end":{"line":39,"column":29}},"loc":{"start":{"line":39,"column":44},"end":{"line":121,"column":3}},"line":39},"5":{"name":"(anonymous_5)","decl":{"start":{"line":48,"column":16},"end":{"line":48,"column":17}},"loc":{"start":{"line":48,"column":26},"end":{"line":48,"column":48}},"line":48},"6":{"name":"(anonymous_6)","decl":{"start":{"line":53,"column":24},"end":{"line":53,"column":25}},"loc":{"start":{"line":53,"column":37},"end":{"line":53,"column":62}},"line":53},"7":{"name":"(anonymous_7)","decl":{"start":{"line":61,"column":18},"end":{"line":61,"column":19}},"loc":{"start":{"line":61,"column":28},"end":{"line":61,"column":50}},"line":61},"8":{"name":"(anonymous_8)","decl":{"start":{"line":65,"column":18},"end":{"line":65,"column":19}},"loc":{"start":{"line":65,"column":28},"end":{"line":73,"column":7}},"line":65},"9":{"name":"(anonymous_9)","decl":{"start":{"line":122,"column":25},"end":{"line":122,"column":26}},"loc":{"start":{"line":122,"column":39},"end":{"line":139,"column":3}},"line":122},"10":{"name":"(anonymous_10)","decl":{"start":{"line":140,"column":24},"end":{"line":140,"column":25}},"loc":{"start":{"line":140,"column":31},"end":{"line":145,"column":3}},"line":140},"11":{"name":"(anonymous_11)","decl":{"start":{"line":146,"column":34},"end":{"line":146,"column":35}},"loc":{"start":{"line":146,"column":48},"end":{"line":148,"column":3}},"line":146},"12":{"name":"(anonymous_12)","decl":{"start":{"line":168,"column":22},"end":{"line":168,"column":23}},"loc":{"start":{"line":169,"column":10},"end":{"line":174,"column":12}},"line":169},"13":{"name":"(anonymous_13)","decl":{"start":{"line":189,"column":36},"end":{"line":189,"column":37}},"loc":{"start":{"line":190,"column":14},"end":{"line":196,"column":23}},"line":190},"14":{"name":"(anonymous_14)","decl":{"start":{"line":192,"column":25},"end":{"line":192,"column":26}},"loc":{"start":{"line":192,"column":31},"end":{"line":192,"column":64}},"line":192},"15":{"name":"(anonymous_15)","decl":{"start":{"line":210,"column":22},"end":{"line":210,"column":23}},"loc":{"start":{"line":210,"column":29},"end":{"line":210,"column":55}},"line":210},"16":{"name":"(anonymous_16)","decl":{"start":{"line":214,"column":21},"end":{"line":214,"column":22}},"loc":{"start":{"line":214,"column":27},"end":{"line":214,"column":53}},"line":214}},"branchMap":{"0":{"loc":{"start":{"line":30,"column":4},"end":{"line":32,"column":5}},"type":"if","locations":[{"start":{"line":30,"column":4},"end":{"line":32,"column":5}},{"start":{},"end":{}}],"line":30},"1":{"loc":{"start":{"line":40,"column":4},"end":{"line":40,"column":29}},"type":"if","locations":[{"start":{"line":40,"column":4},"end":{"line":40,"column":29}},{"start":{},"end":{}}],"line":40},"2":{"loc":{"start":{"line":124,"column":4},"end":{"line":137,"column":5}},"type":"if","locations":[{"start":{"line":124,"column":4},"end":{"line":137,"column":5}},{"start":{"line":126,"column":11},"end":{"line":137,"column":5}}],"line":124},"3":{"loc":{"start":{"line":124,"column":8},"end":{"line":124,"column":71}},"type":"binary-expr","locations":[{"start":{"line":124,"column":8},"end":{"line":124,"column":39}},{"start":{"line":124,"column":43},"end":{"line":124,"column":71}}],"line":124},"4":{"loc":{"start":{"line":126,"column":11},"end":{"line":137,"column":5}},"type":"if","locations":[{"start":{"line":126,"column":11},"end":{"line":137,"column":5}},{"start":{"line":128,"column":11},"end":{"line":137,"column":5}}],"line":126},"5":{"loc":{"start":{"line":128,"column":11},"end":{"line":137,"column":5}},"type":"if","locations":[{"start":{"line":128,"column":11},"end":{"line":137,"column":5}},{"start":{"line":133,"column":11},"end":{"line":137,"column":5}}],"line":128},"6":{"loc":{"start":{"line":129,"column":6},"end":{"line":130,"column":39}},"type":"binary-expr","locations":[{"start":{"line":129,"column":6},"end":{"line":129,"column":39}},{"start":{"line":130,"column":6},"end":{"line":130,"column":39}}],"line":129},"7":{"loc":{"start":{"line":133,"column":11},"end":{"line":137,"column":5}},"type":"if","locations":[{"start":{"line":133,"column":11},"end":{"line":137,"column":5}},{"start":{"line":135,"column":11},"end":{"line":137,"column":5}}],"line":133},"8":{"loc":{"start":{"line":135,"column":11},"end":{"line":137,"column":5}},"type":"if","locations":[{"start":{"line":135,"column":11},"end":{"line":137,"column":5}},{"start":{},"end":{}}],"line":135},"9":{"loc":{"start":{"line":141,"column":4},"end":{"line":144,"column":5}},"type":"if","locations":[{"start":{"line":141,"column":4},"end":{"line":144,"column":5}},{"start":{},"end":{}}],"line":141},"10":{"loc":{"start":{"line":141,"column":8},"end":{"line":141,"column":40}},"type":"binary-expr","locations":[{"start":{"line":141,"column":8},"end":{"line":141,"column":25}},{"start":{"line":141,"column":29},"end":{"line":141,"column":40}}],"line":141},"11":{"loc":{"start":{"line":176,"column":9},"end":{"line":181,"column":9}},"type":"binary-expr","locations":[{"start":{"line":176,"column":9},"end":{"line":176,"column":18}},{"start":{"line":177,"column":10},"end":{"line":180,"column":16}}],"line":176},"12":{"loc":{"start":{"line":185,"column":7},"end":{"line":200,"column":7}},"type":"binary-expr","locations":[{"start":{"line":185,"column":7},"end":{"line":185,"column":26}},{"start":{"line":186,"column":8},"end":{"line":199,"column":14}}],"line":185},"13":{"loc":{"start":{"line":215,"column":22},"end":{"line":215,"column":50}},"type":"binary-expr","locations":[{"start":{"line":215,"column":22},"end":{"line":215,"column":37}},{"start":{"line":215,"column":41},"end":{"line":215,"column":50}}],"line":215},"14":{"loc":{"start":{"line":217,"column":14},"end":{"line":219,"column":33}},"type":"cond-expr","locations":[{"start":{"line":218,"column":18},"end":{"line":218,"column":51}},{"start":{"line":219,"column":18},"end":{"line":219,"column":33}}],"line":217},"15":{"loc":{"start":{"line":217,"column":14},"end":{"line":217,"column":42}},"type":"binary-expr","locations":[{"start":{"line":217,"column":14},"end":{"line":217,"column":28}},{"start":{"line":217,"column":32},"end":{"line":217,"column":42}}],"line":217}},"s":{"0":0,"1":0,"2":0,"3":0,"4":0,"5":0,"6":0,"7":0,"8":0,"9":0,"10":0,"11":0,"12":0,"13":0,"14":0,"15":0,"16":0,"17":0,"18":0,"19":0,"20":0,"21":0,"22":0,"23":0,"24":0,"25":0,"26":0,"27":0,"28":0,"29":0,"30":0,"31":0,"32":0,"33":0,"34":0,"35":0,"36":0,"37":0,"38":0,"39":0,"40":0,"41":0,"42":0,"43":0,"44":0,"45":0,"46":0,"47":0,"48":0,"49":0,"50":0,"51":0,"52":0,"53":0,"54":0,"55":0},"f":{"0":0,"1":0,"2":0,"3":0,"4":0,"5":0,"6":0,"7":0,"8":0,"9":0,"10":0,"11":0,"12":0,"13":0,"14":0,"15":0,"16":0},"b":{"0":[0,0],"1":[0,0],"2":[0,0],"3":[0,0],"4":[0,0],"5":[0,0],"6":[0,0],"7":[0,0],"8":[0,0],"9":[0,0],"10":[0,0],"11":[0,0],"12":[0,0],"13":[0,0],"14":[0,0],"15":[0,0]}}
,"E:\\Project\\Solo Rent\\Solo Rent FrontEnd\\src\\Compornents\\ChatContent\\MessageBubble.jsx": {"path":"E:\\Project\\Solo Rent\\Solo Rent FrontEnd\\src\\Compornents\\ChatContent\\MessageBubble.jsx","statementMap":{"0":{"start":{"line":7,"column":21},"end":{"line":12,"column":3}},"1":{"start":{"line":8,"column":4},"end":{"line":11,"column":6}},"2":{"start":{"line":13,"column":2},"end":{"line":32,"column":3}}},"fnMap":{"0":{"name":"MessageBubble","decl":{"start":{"line":4,"column":9},"end":{"line":4,"column":22}},"loc":{"start":{"line":4,"column":55},"end":{"line":33,"column":1}},"line":4},"1":{"name":"(anonymous_1)","decl":{"start":{"line":7,"column":21},"end":{"line":7,"column":22}},"loc":{"start":{"line":7,"column":31},"end":{"line":12,"column":3}},"line":7}},"branchMap":{"0":{"loc":{"start":{"line":14,"column":33},"end":{"line":14,"column":73}},"type":"cond-expr","locations":[{"start":{"line":14,"column":42},"end":{"line":14,"column":55}},{"start":{"line":14,"column":58},"end":{"line":14,"column":73}}],"line":14},"1":{"loc":{"start":{"line":17,"column":10},"end":{"line":19,"column":57}},"type":"cond-expr","locations":[{"start":{"line":18,"column":14},"end":{"line":18,"column":54}},{"start":{"line":19,"column":14},"end":{"line":19,"column":57}}],"line":17},"2":{"loc":{"start":{"line":25,"column":12},"end":{"line":25,"column":54}},"type":"cond-expr","locations":[{"start":{"line":25,"column":21},"end":{"line":25,"column":36}},{"start":{"line":25,"column":39},"end":{"line":25,"column":54}}],"line":25}},"s":{"0":0,"1":0,"2":0},"f":{"0":0,"1":0},"b":{"0":[0,0],"1":[0,0],"2":[0,0]}}
,"E:\\Project\\Solo Rent\\Solo Rent FrontEnd\\src\\Compornents\\ChooseContent\\Choose.jsx": {"path":"E:\\Project\\Solo Rent\\Solo Rent FrontEnd\\src\\Compornents\\ChooseContent\\Choose.jsx","statementMap":{"0":{"start":{"line":7,"column":2},"end":{"line":12,"column":9}},"1":{"start":{"line":8,"column":4},"end":{"line":11,"column":7}},"2":{"start":{"line":13,"column":2},"end":{"line":45,"column":3}}},"fnMap":{"0":{"name":"Choose","decl":{"start":{"line":6,"column":9},"end":{"line":6,"column":15}},"loc":{"start":{"line":6,"column":18},"end":{"line":46,"column":1}},"line":6},"1":{"name":"(anonymous_1)","decl":{"start":{"line":7,"column":12},"end":{"line":7,"column":13}},"loc":{"start":{"line":7,"column":18},"end":{"line":12,"column":3}},"line":7}},"branchMap":{},"s":{"0":0,"1":0,"2":0},"f":{"0":0,"1":0},"b":{}}
,"E:\\Project\\Solo Rent\\Solo Rent FrontEnd\\src\\Compornents\\FAQ\\Faq.jsx": {"path":"E:\\Project\\Solo Rent\\Solo Rent FrontEnd\\src\\Compornents\\FAQ\\Faq.jsx","statementMap":{"0":{"start":{"line":7,"column":21},"end":{"line":7,"column":34}},"1":{"start":{"line":8,"column":36},"end":{"line":8,"column":47}},"2":{"start":{"line":9,"column":17},"end":{"line":40,"column":5}},"3":{"start":{"line":41,"column":2},"end":{"line":102,"column":3}},"4":{"start":{"line":56,"column":12},"end":{"line":82,"column":18}},"5":{"start":{"line":63,"column":33},"end":{"line":63,"column":77}},"6":{"start":{"line":94,"column":25},"end":{"line":94,"column":47}}},"fnMap":{"0":{"name":"Faq","decl":{"start":{"line":6,"column":9},"end":{"line":6,"column":12}},"loc":{"start":{"line":6,"column":15},"end":{"line":103,"column":1}},"line":6},"1":{"name":"(anonymous_1)","decl":{"start":{"line":55,"column":20},"end":{"line":55,"column":21}},"loc":{"start":{"line":56,"column":12},"end":{"line":82,"column":18}},"line":56},"2":{"name":"(anonymous_2)","decl":{"start":{"line":63,"column":27},"end":{"line":63,"column":28}},"loc":{"start":{"line":63,"column":33},"end":{"line":63,"column":77}},"line":63},"3":{"name":"(anonymous_3)","decl":{"start":{"line":94,"column":19},"end":{"line":94,"column":20}},"loc":{"start":{"line":94,"column":25},"end":{"line":94,"column":47}},"line":94}},"branchMap":{"0":{"loc":{"start":{"line":58,"column":53},"end":{"line":58,"column":82}},"type":"cond-expr","locations":[{"start":{"line":58,"column":67},"end":{"line":58,"column":77}},{"start":{"line":58,"column":80},"end":{"line":58,"column":82}}],"line":58},"1":{"loc":{"start":{"line":63,"column":45},"end":{"line":63,"column":76}},"type":"cond-expr","locations":[{"start":{"line":63,"column":66},"end":{"line":63,"column":68}},{"start":{"line":63,"column":71},"end":{"line":63,"column":76}}],"line":63},"2":{"loc":{"start":{"line":69,"column":21},"end":{"line":73,"column":21}},"type":"cond-expr","locations":[{"start":{"line":70,"column":22},"end":{"line":70,"column":73}},{"start":{"line":72,"column":22},"end":{"line":72,"column":75}}],"line":69},"3":{"loc":{"start":{"line":77,"column":15},"end":{"line":81,"column":15}},"type":"binary-expr","locations":[{"start":{"line":77,"column":15},"end":{"line":77,"column":33}},{"start":{"line":78,"column":16},"end":{"line":80,"column":21}}],"line":77}},"s":{"0":0,"1":0,"2":0,"3":0,"4":0,"5":0,"6":0},"f":{"0":0,"1":0,"2":0,"3":0},"b":{"0":[0,0],"1":[0,0],"2":[0,0],"3":[0,0]}}
,"E:\\Project\\Solo Rent\\Solo Rent FrontEnd\\src\\Compornents\\FooterContent\\FooterContent.jsx": {"path":"E:\\Project\\Solo Rent\\Solo Rent FrontEnd\\src\\Compornents\\FooterContent\\FooterContent.jsx","statementMap":{"0":{"start":{"line":4,"column":2},"end":{"line":200,"column":4}}},"fnMap":{"0":{"name":"FooterContent","decl":{"start":{"line":3,"column":9},"end":{"line":3,"column":22}},"loc":{"start":{"line":3,"column":30},"end":{"line":201,"column":1}},"line":3}},"branchMap":{},"s":{"0":0},"f":{"0":0},"b":{}}
,"E:\\Project\\Solo Rent\\Solo Rent FrontEnd\\src\\Compornents\\InputFields\\DatePicker.jsx": {"path":"E:\\Project\\Solo Rent\\Solo Rent FrontEnd\\src\\Compornents\\InputFields\\DatePicker.jsx","statementMap":{"0":{"start":{"line":4,"column":2},"end":{"line":37,"column":4}}},"fnMap":{"0":{"name":"DatePicker","decl":{"start":{"line":3,"column":9},"end":{"line":3,"column":19}},"loc":{"start":{"line":3,"column":27},"end":{"line":38,"column":1}},"line":3}},"branchMap":{},"s":{"0":118},"f":{"0":118},"b":{},"_coverageSchema":"1a1c01bbd47fc00a2c39e90264f33305004495a9","hash":"d19faf0bc7150bdd0252dfadf9a6e0f471f6dc6f"}
,"E:\\Project\\Solo Rent\\Solo Rent FrontEnd\\src\\Compornents\\InputFields\\TextField.jsx": {"path":"E:\\Project\\Solo Rent\\Solo Rent FrontEnd\\src\\Compornents\\InputFields\\TextField.jsx","statementMap":{"0":{"start":{"line":3,"column":2},"end":{"line":22,"column":4}}},"fnMap":{"0":{"name":"TextField","decl":{"start":{"line":2,"column":9},"end":{"line":2,"column":18}},"loc":{"start":{"line":2,"column":26},"end":{"line":23,"column":1}},"line":2}},"branchMap":{},"s":{"0":354},"f":{"0":354},"b":{},"_coverageSchema":"1a1c01bbd47fc00a2c39e90264f33305004495a9","hash":"fda03718ba54546abb8593361597c343cfa5fbc5"}
,"E:\\Project\\Solo Rent\\Solo Rent FrontEnd\\src\\Compornents\\MapContent\\Map.jsx": {"path":"E:\\Project\\Solo Rent\\Solo Rent FrontEnd\\src\\Compornents\\MapContent\\Map.jsx","statementMap":{"0":{"start":{"line":4,"column":2},"end":{"line":19,"column":3}}},"fnMap":{"0":{"name":"Map","decl":{"start":{"line":3,"column":9},"end":{"line":3,"column":12}},"loc":{"start":{"line":3,"column":15},"end":{"line":20,"column":1}},"line":3}},"branchMap":{},"s":{"0":0},"f":{"0":0},"b":{}}
,"E:\\Project\\Solo Rent\\Solo Rent FrontEnd\\src\\Compornents\\NavbarContent\\NavbarContent.jsx": {"path":"E:\\Project\\Solo Rent\\Solo Rent FrontEnd\\src\\Compornents\\NavbarContent\\NavbarContent.jsx","statementMap":{"0":{"start":{"line":7,"column":2},"end":{"line":34,"column":4}}},"fnMap":{"0":{"name":"NavbarContent","decl":{"start":{"line":6,"column":9},"end":{"line":6,"column":22}},"loc":{"start":{"line":6,"column":25},"end":{"line":35,"column":1}},"line":6}},"branchMap":{},"s":{"0":0},"f":{"0":0},"b":{}}
,"E:\\Project\\Solo Rent\\Solo Rent FrontEnd\\src\\Compornents\\OfferContent\\Offer.jsx": {"path":"E:\\Project\\Solo Rent\\Solo Rent FrontEnd\\src\\Compornents\\OfferContent\\Offer.jsx","statementMap":{"0":{"start":{"line":4,"column":16},"end":{"line":23,"column":3}},"1":{"start":{"line":25,"column":2},"end":{"line":47,"column":4}},"2":{"start":{"line":33,"column":8},"end":{"line":43,"column":14}}},"fnMap":{"0":{"name":"Offer","decl":{"start":{"line":3,"column":9},"end":{"line":3,"column":14}},"loc":{"start":{"line":3,"column":17},"end":{"line":48,"column":1}},"line":3},"1":{"name":"(anonymous_1)","decl":{"start":{"line":32,"column":17},"end":{"line":32,"column":18}},"loc":{"start":{"line":33,"column":8},"end":{"line":43,"column":14}},"line":33}},"branchMap":{},"s":{"0":0,"1":0,"2":0},"f":{"0":0,"1":0},"b":{}}
,"E:\\Project\\Solo Rent\\Solo Rent FrontEnd\\src\\Compornents\\ServicePageContent\\ProfessionalServices.jsx": {"path":"E:\\Project\\Solo Rent\\Solo Rent FrontEnd\\src\\Compornents\\ServicePageContent\\ProfessionalServices.jsx","statementMap":{"0":{"start":{"line":4,"column":29},"end":{"line":89,"column":1}},"1":{"start":{"line":5,"column":2},"end":{"line":24,"column":9}},"2":{"start":{"line":6,"column":21},"end":{"line":16,"column":5}},"3":{"start":{"line":8,"column":8},"end":{"line":13,"column":11}},"4":{"start":{"line":9,"column":10},"end":{"line":12,"column":11}},"5":{"start":{"line":10,"column":12},"end":{"line":10,"column":59}},"6":{"start":{"line":11,"column":12},"end":{"line":11,"column":55}},"7":{"start":{"line":18,"column":21},"end":{"line":18,"column":66}},"8":{"start":{"line":19,"column":4},"end":{"line":19,"column":51}},"9":{"start":{"line":19,"column":29},"end":{"line":19,"column":49}},"10":{"start":{"line":21,"column":4},"end":{"line":23,"column":6}},"11":{"start":{"line":22,"column":6},"end":{"line":22,"column":55}},"12":{"start":{"line":22,"column":31},"end":{"line":22,"column":53}},"13":{"start":{"line":26,"column":15},"end":{"line":58,"column":3}},"14":{"start":{"line":60,"column":2},"end":{"line":88,"column":4}},"15":{"start":{"line":77,"column":12},"end":{"line":83,"column":18}}},"fnMap":{"0":{"name":"(anonymous_0)","decl":{"start":{"line":4,"column":29},"end":{"line":4,"column":30}},"loc":{"start":{"line":4,"column":35},"end":{"line":89,"column":1}},"line":4},"1":{"name":"(anonymous_1)","decl":{"start":{"line":5,"column":12},"end":{"line":5,"column":13}},"loc":{"start":{"line":5,"column":18},"end":{"line":24,"column":3}},"line":5},"2":{"name":"(anonymous_2)","decl":{"start":{"line":7,"column":6},"end":{"line":7,"column":7}},"loc":{"start":{"line":7,"column":19},"end":{"line":14,"column":7}},"line":7},"3":{"name":"(anonymous_3)","decl":{"start":{"line":8,"column":24},"end":{"line":8,"column":25}},"loc":{"start":{"line":8,"column":35},"end":{"line":13,"column":9}},"line":8},"4":{"name":"(anonymous_4)","decl":{"start":{"line":19,"column":21},"end":{"line":19,"column":22}},"loc":{"start":{"line":19,"column":29},"end":{"line":19,"column":49}},"line":19},"5":{"name":"(anonymous_5)","decl":{"start":{"line":21,"column":11},"end":{"line":21,"column":12}},"loc":{"start":{"line":21,"column":17},"end":{"line":23,"column":5}},"line":21},"6":{"name":"(anonymous_6)","decl":{"start":{"line":22,"column":23},"end":{"line":22,"column":24}},"loc":{"start":{"line":22,"column":31},"end":{"line":22,"column":53}},"line":22},"7":{"name":"(anonymous_7)","decl":{"start":{"line":76,"column":20},"end":{"line":76,"column":21}},"loc":{"start":{"line":77,"column":12},"end":{"line":83,"column":18}},"line":77}},"branchMap":{"0":{"loc":{"start":{"line":9,"column":10},"end":{"line":12,"column":11}},"type":"if","locations":[{"start":{"line":9,"column":10},"end":{"line":12,"column":11}},{"start":{},"end":{}}],"line":9}},"s":{"0":0,"1":0,"2":0,"3":0,"4":0,"5":0,"6":0,"7":0,"8":0,"9":0,"10":0,"11":0,"12":0,"13":0,"14":0,"15":0},"f":{"0":0,"1":0,"2":0,"3":0,"4":0,"5":0,"6":0,"7":0},"b":{"0":[0,0]}}
,"E:\\Project\\Solo Rent\\Solo Rent FrontEnd\\src\\Compornents\\ServicePageContent\\SmoothJourney.jsx": {"path":"E:\\Project\\Solo Rent\\Solo Rent FrontEnd\\src\\Compornents\\ServicePageContent\\SmoothJourney.jsx","statementMap":{"0":{"start":{"line":6,"column":22},"end":{"line":62,"column":1}},"1":{"start":{"line":7,"column":21},"end":{"line":7,"column":33}},"2":{"start":{"line":8,"column":36},"end":{"line":8,"column":51}},"3":{"start":{"line":10,"column":2},"end":{"line":20,"column":9}},"4":{"start":{"line":11,"column":21},"end":{"line":14,"column":5}},"5":{"start":{"line":12,"column":19},"end":{"line":12,"column":53}},"6":{"start":{"line":15,"column":4},"end":{"line":15,"column":65}},"7":{"start":{"line":15,"column":28},"end":{"line":15,"column":65}},"8":{"start":{"line":17,"column":4},"end":{"line":19,"column":6}},"9":{"start":{"line":18,"column":6},"end":{"line":18,"column":69}},"10":{"start":{"line":18,"column":30},"end":{"line":18,"column":69}},"11":{"start":{"line":22,"column":2},"end":{"line":61,"column":4}}},"fnMap":{"0":{"name":"(anonymous_0)","decl":{"start":{"line":6,"column":22},"end":{"line":6,"column":23}},"loc":{"start":{"line":6,"column":28},"end":{"line":62,"column":1}},"line":6},"1":{"name":"(anonymous_1)","decl":{"start":{"line":10,"column":12},"end":{"line":10,"column":13}},"loc":{"start":{"line":10,"column":18},"end":{"line":20,"column":3}},"line":10},"2":{"name":"(anonymous_2)","decl":{"start":{"line":12,"column":6},"end":{"line":12,"column":7}},"loc":{"start":{"line":12,"column":19},"end":{"line":12,"column":53}},"line":12},"3":{"name":"(anonymous_3)","decl":{"start":{"line":17,"column":11},"end":{"line":17,"column":12}},"loc":{"start":{"line":17,"column":17},"end":{"line":19,"column":5}},"line":17}},"branchMap":{"0":{"loc":{"start":{"line":15,"column":4},"end":{"line":15,"column":65}},"type":"if","locations":[{"start":{"line":15,"column":4},"end":{"line":15,"column":65}},{"start":{},"end":{}}],"line":15},"1":{"loc":{"start":{"line":18,"column":6},"end":{"line":18,"column":69}},"type":"if","locations":[{"start":{"line":18,"column":6},"end":{"line":18,"column":69}},{"start":{},"end":{}}],"line":18},"2":{"loc":{"start":{"line":23,"column":67},"end":{"line":23,"column":93}},"type":"cond-expr","locations":[{"start":{"line":23,"column":79},"end":{"line":23,"column":88}},{"start":{"line":23,"column":91},"end":{"line":23,"column":93}}],"line":23}},"s":{"0":0,"1":0,"2":0,"3":0,"4":0,"5":0,"6":0,"7":0,"8":0,"9":0,"10":0,"11":0},"f":{"0":0,"1":0,"2":0,"3":0},"b":{"0":[0,0],"1":[0,0],"2":[0,0]}}
,"E:\\Project\\Solo Rent\\Solo Rent FrontEnd\\src\\Compornents\\ServicePageContent\\TransferServices.jsx": {"path":"E:\\Project\\Solo Rent\\Solo Rent FrontEnd\\src\\Compornents\\ServicePageContent\\TransferServices.jsx","statementMap":{"0":{"start":{"line":3,"column":25},"end":{"line":85,"column":1}},"1":{"start":{"line":4,"column":2},"end":{"line":22,"column":9}},"2":{"start":{"line":5,"column":21},"end":{"line":14,"column":5}},"3":{"start":{"line":7,"column":8},"end":{"line":11,"column":11}},"4":{"start":{"line":8,"column":10},"end":{"line":10,"column":11}},"5":{"start":{"line":9,"column":12},"end":{"line":9,"column":59}},"6":{"start":{"line":16,"column":21},"end":{"line":16,"column":68}},"7":{"start":{"line":17,"column":4},"end":{"line":17,"column":51}},"8":{"start":{"line":17,"column":29},"end":{"line":17,"column":49}},"9":{"start":{"line":19,"column":4},"end":{"line":21,"column":6}},"10":{"start":{"line":20,"column":6},"end":{"line":20,"column":55}},"11":{"start":{"line":20,"column":31},"end":{"line":20,"column":53}},"12":{"start":{"line":24,"column":2},"end":{"line":84,"column":4}}},"fnMap":{"0":{"name":"(anonymous_0)","decl":{"start":{"line":3,"column":25},"end":{"line":3,"column":26}},"loc":{"start":{"line":3,"column":31},"end":{"line":85,"column":1}},"line":3},"1":{"name":"(anonymous_1)","decl":{"start":{"line":4,"column":12},"end":{"line":4,"column":13}},"loc":{"start":{"line":4,"column":18},"end":{"line":22,"column":3}},"line":4},"2":{"name":"(anonymous_2)","decl":{"start":{"line":6,"column":6},"end":{"line":6,"column":7}},"loc":{"start":{"line":6,"column":19},"end":{"line":12,"column":7}},"line":6},"3":{"name":"(anonymous_3)","decl":{"start":{"line":7,"column":24},"end":{"line":7,"column":25}},"loc":{"start":{"line":7,"column":35},"end":{"line":11,"column":9}},"line":7},"4":{"name":"(anonymous_4)","decl":{"start":{"line":17,"column":21},"end":{"line":17,"column":22}},"loc":{"start":{"line":17,"column":29},"end":{"line":17,"column":49}},"line":17},"5":{"name":"(anonymous_5)","decl":{"start":{"line":19,"column":11},"end":{"line":19,"column":12}},"loc":{"start":{"line":19,"column":17},"end":{"line":21,"column":5}},"line":19},"6":{"name":"(anonymous_6)","decl":{"start":{"line":20,"column":23},"end":{"line":20,"column":24}},"loc":{"start":{"line":20,"column":31},"end":{"line":20,"column":53}},"line":20}},"branchMap":{"0":{"loc":{"start":{"line":8,"column":10},"end":{"line":10,"column":11}},"type":"if","locations":[{"start":{"line":8,"column":10},"end":{"line":10,"column":11}},{"start":{},"end":{}}],"line":8}},"s":{"0":0,"1":0,"2":0,"3":0,"4":0,"5":0,"6":0,"7":0,"8":0,"9":0,"10":0,"11":0,"12":0},"f":{"0":0,"1":0,"2":0,"3":0,"4":0,"5":0,"6":0},"b":{"0":[0,0]}}
,"E:\\Project\\Solo Rent\\Solo Rent FrontEnd\\src\\Pages\\Booking\\Booking.jsx": {"path":"E:\\Project\\Solo Rent\\Solo Rent FrontEnd\\src\\Pages\\Booking\\Booking.jsx","statementMap":{"0":{"start":{"line":8,"column":26},"end":{"line":8,"column":38}},"1":{"start":{"line":10,"column":2},"end":{"line":19,"column":9}},"2":{"start":{"line":11,"column":4},"end":{"line":18,"column":9}},"3":{"start":{"line":13,"column":8},"end":{"line":13,"column":26}},"4":{"start":{"line":16,"column":8},"end":{"line":16,"column":26}},"5":{"start":{"line":17,"column":8},"end":{"line":17,"column":22}},"6":{"start":{"line":21,"column":46},"end":{"line":21,"column":61}},"7":{"start":{"line":22,"column":21},"end":{"line":39,"column":3}},"8":{"start":{"line":42,"column":4},"end":{"line":44,"column":61}},"9":{"start":{"line":44,"column":29},"end":{"line":44,"column":60}},"10":{"start":{"line":46,"column":2},"end":{"line":127,"column":4}},"11":{"start":{"line":59,"column":16},"end":{"line":75,"column":25}},"12":{"start":{"line":61,"column":33},"end":{"line":61,"column":63}},"13":{"start":{"line":83,"column":16},"end":{"line":120,"column":22}}},"fnMap":{"0":{"name":"booking","decl":{"start":{"line":7,"column":9},"end":{"line":7,"column":16}},"loc":{"start":{"line":7,"column":19},"end":{"line":128,"column":1}},"line":7},"1":{"name":"(anonymous_1)","decl":{"start":{"line":10,"column":12},"end":{"line":10,"column":13}},"loc":{"start":{"line":10,"column":18},"end":{"line":19,"column":3}},"line":10},"2":{"name":"(anonymous_2)","decl":{"start":{"line":12,"column":12},"end":{"line":12,"column":13}},"loc":{"start":{"line":12,"column":21},"end":{"line":14,"column":7}},"line":12},"3":{"name":"(anonymous_3)","decl":{"start":{"line":15,"column":12},"end":{"line":15,"column":13}},"loc":{"start":{"line":15,"column":22},"end":{"line":18,"column":7}},"line":15},"4":{"name":"(anonymous_4)","decl":{"start":{"line":44,"column":20},"end":{"line":44,"column":21}},"loc":{"start":{"line":44,"column":29},"end":{"line":44,"column":60}},"line":44},"5":{"name":"(anonymous_5)","decl":{"start":{"line":58,"column":30},"end":{"line":58,"column":31}},"loc":{"start":{"line":59,"column":16},"end":{"line":75,"column":25}},"line":59},"6":{"name":"(anonymous_6)","decl":{"start":{"line":61,"column":27},"end":{"line":61,"column":28}},"loc":{"start":{"line":61,"column":33},"end":{"line":61,"column":63}},"line":61},"7":{"name":"(anonymous_7)","decl":{"start":{"line":82,"column":32},"end":{"line":82,"column":33}},"loc":{"start":{"line":83,"column":16},"end":{"line":120,"column":22}},"line":83}},"branchMap":{"0":{"loc":{"start":{"line":42,"column":4},"end":{"line":44,"column":61}},"type":"cond-expr","locations":[{"start":{"line":43,"column":8},"end":{"line":43,"column":12}},{"start":{"line":44,"column":8},"end":{"line":44,"column":61}}],"line":42},"1":{"loc":{"start":{"line":63,"column":20},"end":{"line":65,"column":65}},"type":"cond-expr","locations":[{"start":{"line":64,"column":24},"end":{"line":64,"column":48}},{"start":{"line":65,"column":24},"end":{"line":65,"column":65}}],"line":63},"2":{"loc":{"start":{"line":67,"column":20},"end":{"line":71,"column":26}},"type":"cond-expr","locations":[{"start":{"line":68,"column":24},"end":{"line":68,"column":38}},{"start":{"line":69,"column":24},"end":{"line":71,"column":26}}],"line":67},"3":{"loc":{"start":{"line":69,"column":24},"end":{"line":71,"column":26}},"type":"cond-expr","locations":[{"start":{"line":70,"column":24},"end":{"line":70,"column":38}},{"start":{"line":71,"column":24},"end":{"line":71,"column":26}}],"line":69}},"s":{"0":0,"1":0,"2":0,"3":0,"4":0,"5":0,"6":0,"7":0,"8":0,"9":0,"10":0,"11":0,"12":0,"13":0},"f":{"0":0,"1":0,"2":0,"3":0,"4":0,"5":0,"6":0,"7":0},"b":{"0":[0,0],"1":[0,0],"2":[0,0],"3":[0,0]}}
,"E:\\Project\\Solo Rent\\Solo Rent FrontEnd\\src\\Pages\\Booking\\BookingForm.jsx": {"path":"E:\\Project\\Solo Rent\\Solo Rent FrontEnd\\src\\Pages\\Booking\\BookingForm.jsx","statementMap":{"0":{"start":{"line":9,"column":19},"end":{"line":9,"column":32}},"1":{"start":{"line":10,"column":18},"end":{"line":10,"column":41}},"2":{"start":{"line":12,"column":21},"end":{"line":24,"column":1}},"3":{"start":{"line":26,"column":34},"end":{"line":26,"column":56}},"4":{"start":{"line":28,"column":2},"end":{"line":28,"column":45}},"5":{"start":{"line":30,"column":23},"end":{"line":32,"column":3}},"6":{"start":{"line":31,"column":4},"end":{"line":31,"column":68}},"7":{"start":{"line":34,"column":23},"end":{"line":73,"column":3}},"8":{"start":{"line":35,"column":4},"end":{"line":35,"column":23}},"9":{"start":{"line":37,"column":4},"end":{"line":72,"column":5}},"10":{"start":{"line":38,"column":29},"end":{"line":45,"column":7}},"11":{"start":{"line":47,"column":23},"end":{"line":50,"column":7}},"12":{"start":{"line":52,"column":6},"end":{"line":65,"column":7}},"13":{"start":{"line":53,"column":8},"end":{"line":56,"column":11}},"14":{"start":{"line":57,"column":8},"end":{"line":57,"column":35}},"15":{"start":{"line":59,"column":26},"end":{"line":59,"column":47}},"16":{"start":{"line":60,"column":8},"end":{"line":60,"column":50}},"17":{"start":{"line":61,"column":8},"end":{"line":64,"column":11}},"18":{"start":{"line":67,"column":6},"end":{"line":67,"column":37}},"19":{"start":{"line":68,"column":6},"end":{"line":71,"column":9}},"20":{"start":{"line":75,"column":2},"end":{"line":218,"column":4}},"21":{"start":{"line":188,"column":20},"end":{"line":201,"column":22}}},"fnMap":{"0":{"name":"BookingForm","decl":{"start":{"line":8,"column":9},"end":{"line":8,"column":20}},"loc":{"start":{"line":8,"column":23},"end":{"line":219,"column":1}},"line":8},"1":{"name":"(anonymous_1)","decl":{"start":{"line":30,"column":23},"end":{"line":30,"column":24}},"loc":{"start":{"line":30,"column":30},"end":{"line":32,"column":3}},"line":30},"2":{"name":"(anonymous_2)","decl":{"start":{"line":34,"column":23},"end":{"line":34,"column":24}},"loc":{"start":{"line":34,"column":36},"end":{"line":73,"column":3}},"line":34},"3":{"name":"(anonymous_3)","decl":{"start":{"line":187,"column":27},"end":{"line":187,"column":28}},"loc":{"start":{"line":188,"column":20},"end":{"line":201,"column":22}},"line":188}},"branchMap":{"0":{"loc":{"start":{"line":16,"column":13},"end":{"line":16,"column":32}},"type":"binary-expr","locations":[{"start":{"line":16,"column":13},"end":{"line":16,"column":24}},{"start":{"line":16,"column":28},"end":{"line":16,"column":32}}],"line":16},"1":{"loc":{"start":{"line":52,"column":6},"end":{"line":65,"column":7}},"type":"if","locations":[{"start":{"line":52,"column":6},"end":{"line":65,"column":7}},{"start":{"line":58,"column":13},"end":{"line":65,"column":7}}],"line":52},"2":{"loc":{"start":{"line":79,"column":11},"end":{"line":95,"column":11}},"type":"cond-expr","locations":[{"start":{"line":80,"column":12},"end":{"line":90,"column":18}},{"start":{"line":92,"column":12},"end":{"line":94,"column":16}}],"line":79}},"s":{"0":59,"1":59,"2":59,"3":59,"4":59,"5":59,"6":28,"7":59,"8":9,"9":9,"10":9,"11":9,"12":8,"13":6,"14":6,"15":2,"16":2,"17":2,"18":1,"19":1,"20":59,"21":1},"f":{"0":59,"1":28,"2":9,"3":1},"b":{"0":[59,2],"1":[6,2],"2":[57,2]},"_coverageSchema":"1a1c01bbd47fc00a2c39e90264f33305004495a9","hash":"b0eefb85417ad4f9806c41b736fdf99b97425249"}
,"E:\\Project\\Solo Rent\\Solo Rent FrontEnd\\src\\Pages\\Dashboard\\Dashboard.jsx": {"path":"E:\\Project\\Solo Rent\\Solo Rent FrontEnd\\src\\Pages\\Dashboard\\Dashboard.jsx","statementMap":{"0":{"start":{"line":7,"column":19},"end":{"line":7,"column":32}},"1":{"start":{"line":8,"column":23},"end":{"line":11,"column":3}},"2":{"start":{"line":9,"column":4},"end":{"line":9,"column":37}},"3":{"start":{"line":10,"column":4},"end":{"line":10,"column":22}},"4":{"start":{"line":13,"column":2},"end":{"line":165,"column":4}}},"fnMap":{"0":{"name":"Dashboard","decl":{"start":{"line":6,"column":9},"end":{"line":6,"column":18}},"loc":{"start":{"line":6,"column":21},"end":{"line":166,"column":1}},"line":6},"1":{"name":"(anonymous_1)","decl":{"start":{"line":8,"column":23},"end":{"line":8,"column":24}},"loc":{"start":{"line":8,"column":29},"end":{"line":11,"column":3}},"line":8}},"branchMap":{},"s":{"0":0,"1":0,"2":0,"3":0,"4":0},"f":{"0":0,"1":0},"b":{}}
,"E:\\Project\\Solo Rent\\Solo Rent FrontEnd\\src\\Pages\\Dashboard\\DashboardLanding.jsx": {"path":"E:\\Project\\Solo Rent\\Solo Rent FrontEnd\\src\\Pages\\Dashboard\\DashboardLanding.jsx","statementMap":{"0":{"start":{"line":4,"column":40},"end":{"line":4,"column":52}},"1":{"start":{"line":6,"column":2},"end":{"line":15,"column":9}},"2":{"start":{"line":7,"column":4},"end":{"line":14,"column":9}},"3":{"start":{"line":8,"column":21},"end":{"line":8,"column":31}},"4":{"start":{"line":10,"column":8},"end":{"line":10,"column":33}},"5":{"start":{"line":13,"column":8},"end":{"line":13,"column":53}},"6":{"start":{"line":17,"column":2},"end":{"line":115,"column":4}},"7":{"start":{"line":91,"column":14},"end":{"line":109,"column":19}}},"fnMap":{"0":{"name":"DashboardLanding","decl":{"start":{"line":3,"column":9},"end":{"line":3,"column":25}},"loc":{"start":{"line":3,"column":28},"end":{"line":116,"column":1}},"line":3},"1":{"name":"(anonymous_1)","decl":{"start":{"line":6,"column":12},"end":{"line":6,"column":13}},"loc":{"start":{"line":6,"column":18},"end":{"line":15,"column":3}},"line":6},"2":{"name":"(anonymous_2)","decl":{"start":{"line":8,"column":12},"end":{"line":8,"column":13}},"loc":{"start":{"line":8,"column":21},"end":{"line":8,"column":31}},"line":8},"3":{"name":"(anonymous_3)","decl":{"start":{"line":9,"column":12},"end":{"line":9,"column":13}},"loc":{"start":{"line":9,"column":26},"end":{"line":11,"column":7}},"line":9},"4":{"name":"(anonymous_4)","decl":{"start":{"line":12,"column":13},"end":{"line":12,"column":14}},"loc":{"start":{"line":12,"column":24},"end":{"line":14,"column":7}},"line":12},"5":{"name":"(anonymous_5)","decl":{"start":{"line":90,"column":29},"end":{"line":90,"column":30}},"loc":{"start":{"line":91,"column":14},"end":{"line":109,"column":19}},"line":91}},"branchMap":{},"s":{"0":0,"1":0,"2":0,"3":0,"4":0,"5":0,"6":0,"7":0},"f":{"0":0,"1":0,"2":0,"3":0,"4":0,"5":0},"b":{}}
,"E:\\Project\\Solo Rent\\Solo Rent FrontEnd\\src\\Pages\\Dashboard\\Admin\\AdminLogin.jsx": {"path":"E:\\Project\\Solo Rent\\Solo Rent FrontEnd\\src\\Pages\\Dashboard\\Admin\\AdminLogin.jsx","statementMap":{"0":{"start":{"line":8,"column":23},"end":{"line":13,"column":4}},"1":{"start":{"line":15,"column":36},"end":{"line":15,"column":58}},"2":{"start":{"line":16,"column":19},"end":{"line":16,"column":32}},"3":{"start":{"line":18,"column":23},"end":{"line":20,"column":3}},"4":{"start":{"line":19,"column":4},"end":{"line":19,"column":68}},"5":{"start":{"line":22,"column":23},"end":{"line":51,"column":3}},"6":{"start":{"line":23,"column":4},"end":{"line":23,"column":23}},"7":{"start":{"line":25,"column":4},"end":{"line":50,"column":5}},"8":{"start":{"line":26,"column":23},"end":{"line":31,"column":8}},"9":{"start":{"line":33,"column":6},"end":{"line":33,"column":33}},"10":{"start":{"line":35,"column":20},"end":{"line":35,"column":46}},"11":{"start":{"line":36,"column":6},"end":{"line":42,"column":7}},"12":{"start":{"line":37,"column":8},"end":{"line":37,"column":45}},"13":{"start":{"line":38,"column":8},"end":{"line":38,"column":35}},"14":{"start":{"line":39,"column":8},"end":{"line":39,"column":31}},"15":{"start":{"line":41,"column":8},"end":{"line":41,"column":45}},"16":{"start":{"line":44,"column":6},"end":{"line":44,"column":43}},"17":{"start":{"line":45,"column":6},"end":{"line":49,"column":9}},"18":{"start":{"line":53,"column":2},"end":{"line":115,"column":4}}},"fnMap":{"0":{"name":"AdminLogin","decl":{"start":{"line":7,"column":9},"end":{"line":7,"column":19}},"loc":{"start":{"line":7,"column":22},"end":{"line":116,"column":1}},"line":7},"1":{"name":"(anonymous_1)","decl":{"start":{"line":18,"column":23},"end":{"line":18,"column":24}},"loc":{"start":{"line":18,"column":30},"end":{"line":20,"column":3}},"line":18},"2":{"name":"(anonymous_2)","decl":{"start":{"line":22,"column":23},"end":{"line":22,"column":24}},"loc":{"start":{"line":22,"column":36},"end":{"line":51,"column":3}},"line":22}},"branchMap":{"0":{"loc":{"start":{"line":36,"column":6},"end":{"line":42,"column":7}},"type":"if","locations":[{"start":{"line":36,"column":6},"end":{"line":42,"column":7}},{"start":{"line":40,"column":13},"end":{"line":42,"column":7}}],"line":36}},"s":{"0":36,"1":36,"2":36,"3":36,"4":16,"5":36,"6":7,"7":7,"8":7,"9":4,"10":4,"11":4,"12":3,"13":3,"14":3,"15":1,"16":4,"17":4,"18":36},"f":{"0":36,"1":16,"2":7},"b":{"0":[3,1]},"_coverageSchema":"1a1c01bbd47fc00a2c39e90264f33305004495a9","hash":"da4dec3a924c05acd49f68e213181d300c019856"}
,"E:\\Project\\Solo Rent\\Solo Rent FrontEnd\\src\\Pages\\Dashboard\\Admin\\AdminRegister.jsx": {"path":"E:\\Project\\Solo Rent\\Solo Rent FrontEnd\\src\\Pages\\Dashboard\\Admin\\AdminRegister.jsx","statementMap":{"0":{"start":{"line":5,"column":23},"end":{"line":11,"column":3}},"1":{"start":{"line":13,"column":36},"end":{"line":13,"column":58}},"2":{"start":{"line":15,"column":23},"end":{"line":17,"column":3}},"3":{"start":{"line":16,"column":4},"end":{"line":16,"column":68}},"4":{"start":{"line":19,"column":23},"end":{"line":60,"column":3}},"5":{"start":{"line":20,"column":4},"end":{"line":20,"column":23}},"6":{"start":{"line":22,"column":4},"end":{"line":25,"column":5}},"7":{"start":{"line":23,"column":6},"end":{"line":23,"column":39}},"8":{"start":{"line":24,"column":6},"end":{"line":24,"column":13}},"9":{"start":{"line":27,"column":4},"end":{"line":59,"column":5}},"10":{"start":{"line":28,"column":29},"end":{"line":35,"column":7}},"11":{"start":{"line":37,"column":23},"end":{"line":37,"column":83}},"12":{"start":{"line":39,"column":6},"end":{"line":51,"column":7}},"13":{"start":{"line":40,"column":8},"end":{"line":43,"column":11}},"14":{"start":{"line":44,"column":8},"end":{"line":44,"column":35}},"15":{"start":{"line":46,"column":8},"end":{"line":50,"column":11}},"16":{"start":{"line":53,"column":6},"end":{"line":53,"column":37}},"17":{"start":{"line":54,"column":6},"end":{"line":58,"column":9}},"18":{"start":{"line":62,"column":2},"end":{"line":140,"column":4}}},"fnMap":{"0":{"name":"AdminRegister","decl":{"start":{"line":4,"column":9},"end":{"line":4,"column":22}},"loc":{"start":{"line":4,"column":25},"end":{"line":141,"column":1}},"line":4},"1":{"name":"(anonymous_1)","decl":{"start":{"line":15,"column":23},"end":{"line":15,"column":24}},"loc":{"start":{"line":15,"column":30},"end":{"line":17,"column":3}},"line":15},"2":{"name":"(anonymous_2)","decl":{"start":{"line":19,"column":23},"end":{"line":19,"column":24}},"loc":{"start":{"line":19,"column":36},"end":{"line":60,"column":3}},"line":19}},"branchMap":{"0":{"loc":{"start":{"line":22,"column":4},"end":{"line":25,"column":5}},"type":"if","locations":[{"start":{"line":22,"column":4},"end":{"line":25,"column":5}},{"start":{},"end":{}}],"line":22},"1":{"loc":{"start":{"line":39,"column":6},"end":{"line":51,"column":7}},"type":"if","locations":[{"start":{"line":39,"column":6},"end":{"line":51,"column":7}},{"start":{"line":45,"column":13},"end":{"line":51,"column":7}}],"line":39}},"s":{"0":44,"1":44,"2":44,"3":27,"4":44,"5":7,"6":7,"7":2,"8":2,"9":5,"10":5,"11":5,"12":4,"13":3,"14":3,"15":1,"16":1,"17":1,"18":44},"f":{"0":44,"1":27,"2":7},"b":{"0":[2,5],"1":[3,1]},"_coverageSchema":"1a1c01bbd47fc00a2c39e90264f33305004495a9","hash":"110c4eb9677801c55ae247d4d865720d30e41a70"}
,"E:\\Project\\Solo Rent\\Solo Rent FrontEnd\\src\\Pages\\Dashboard\\BookingView\\BookingView.jsx": {"path":"E:\\Project\\Solo Rent\\Solo Rent FrontEnd\\src\\Pages\\Dashboard\\BookingView\\BookingView.jsx","statementMap":{"0":{"start":{"line":5,"column":17},"end":{"line":5,"column":78}},"1":{"start":{"line":8,"column":26},"end":{"line":8,"column":38}},"2":{"start":{"line":9,"column":32},"end":{"line":9,"column":46}},"3":{"start":{"line":10,"column":28},"end":{"line":10,"column":40}},"4":{"start":{"line":12,"column":2},"end":{"line":33,"column":9}},"5":{"start":{"line":13,"column":23},"end":{"line":13,"column":44}},"6":{"start":{"line":14,"column":17},"end":{"line":30,"column":5}},"7":{"start":{"line":15,"column":6},"end":{"line":29,"column":7}},"8":{"start":{"line":16,"column":8},"end":{"line":16,"column":25}},"9":{"start":{"line":17,"column":20},"end":{"line":17,"column":106}},"10":{"start":{"line":18,"column":8},"end":{"line":20,"column":9}},"11":{"start":{"line":19,"column":10},"end":{"line":19,"column":77}},"12":{"start":{"line":21,"column":21},"end":{"line":21,"column":37}},"13":{"start":{"line":22,"column":8},"end":{"line":22,"column":49}},"14":{"start":{"line":24,"column":8},"end":{"line":26,"column":9}},"15":{"start":{"line":25,"column":10},"end":{"line":25,"column":61}},"16":{"start":{"line":28,"column":8},"end":{"line":28,"column":26}},"17":{"start":{"line":31,"column":4},"end":{"line":31,"column":11}},"18":{"start":{"line":32,"column":4},"end":{"line":32,"column":36}},"19":{"start":{"line":32,"column":17},"end":{"line":32,"column":35}},"20":{"start":{"line":35,"column":2},"end":{"line":99,"column":4}},"21":{"start":{"line":69,"column":16},"end":{"line":92,"column":21}},"22":{"start":{"line":86,"column":38},"end":{"line":86,"column":67}}},"fnMap":{"0":{"name":"BookingView","decl":{"start":{"line":7,"column":9},"end":{"line":7,"column":20}},"loc":{"start":{"line":7,"column":23},"end":{"line":100,"column":1}},"line":7},"1":{"name":"(anonymous_1)","decl":{"start":{"line":12,"column":12},"end":{"line":12,"column":13}},"loc":{"start":{"line":12,"column":18},"end":{"line":33,"column":3}},"line":12},"2":{"name":"(anonymous_2)","decl":{"start":{"line":14,"column":17},"end":{"line":14,"column":18}},"loc":{"start":{"line":14,"column":29},"end":{"line":30,"column":5}},"line":14},"3":{"name":"(anonymous_3)","decl":{"start":{"line":32,"column":11},"end":{"line":32,"column":12}},"loc":{"start":{"line":32,"column":17},"end":{"line":32,"column":35}},"line":32},"4":{"name":"(anonymous_4)","decl":{"start":{"line":68,"column":23},"end":{"line":68,"column":24}},"loc":{"start":{"line":69,"column":16},"end":{"line":92,"column":21}},"line":69},"5":{"name":"(anonymous_5)","decl":{"start":{"line":86,"column":31},"end":{"line":86,"column":32}},"loc":{"start":{"line":86,"column":37},"end":{"line":86,"column":68}},"line":86}},"branchMap":{"0":{"loc":{"start":{"line":5,"column":17},"end":{"line":5,"column":78}},"type":"binary-expr","locations":[{"start":{"line":5,"column":17},"end":{"line":5,"column":51}},{"start":{"line":5,"column":55},"end":{"line":5,"column":78}}],"line":5},"1":{"loc":{"start":{"line":18,"column":8},"end":{"line":20,"column":9}},"type":"if","locations":[{"start":{"line":18,"column":8},"end":{"line":20,"column":9}},{"start":{},"end":{}}],"line":18},"2":{"loc":{"start":{"line":22,"column":16},"end":{"line":22,"column":47}},"type":"cond-expr","locations":[{"start":{"line":22,"column":38},"end":{"line":22,"column":42}},{"start":{"line":22,"column":45},"end":{"line":22,"column":47}}],"line":22},"3":{"loc":{"start":{"line":24,"column":8},"end":{"line":26,"column":9}},"type":"if","locations":[{"start":{"line":24,"column":8},"end":{"line":26,"column":9}},{"start":{},"end":{}}],"line":24},"4":{"loc":{"start":{"line":25,"column":19},"end":{"line":25,"column":59}},"type":"binary-expr","locations":[{"start":{"line":25,"column":19},"end":{"line":25,"column":30}},{"start":{"line":25,"column":34},"end":{"line":25,"column":59}}],"line":25},"5":{"loc":{"start":{"line":37,"column":7},"end":{"line":41,"column":7}},"type":"binary-expr","locations":[{"start":{"line":37,"column":7},"end":{"line":37,"column":12}},{"start":{"line":38,"column":8},"end":{"line":40,"column":14}}],"line":37},"6":{"loc":{"start":{"line":42,"column":7},"end":{"line":97,"column":7}},"type":"binary-expr","locations":[{"start":{"line":42,"column":7},"end":{"line":42,"column":13}},{"start":{"line":43,"column":8},"end":{"line":96,"column":16}}],"line":42},"7":{"loc":{"start":{"line":63,"column":13},"end":{"line":94,"column":13}},"type":"cond-expr","locations":[{"start":{"line":64,"column":14},"end":{"line":66,"column":19}},{"start":{"line":68,"column":14},"end":{"line":93,"column":16}}],"line":63},"8":{"loc":{"start":{"line":69,"column":25},"end":{"line":69,"column":45}},"type":"binary-expr","locations":[{"start":{"line":69,"column":25},"end":{"line":69,"column":38}},{"start":{"line":69,"column":42},"end":{"line":69,"column":45}}],"line":69}},"s":{"0":0,"1":0,"2":0,"3":0,"4":0,"5":0,"6":0,"7":0,"8":0,"9":0,"10":0,"11":0,"12":0,"13":0,"14":0,"15":0,"16":0,"17":0,"18":0,"19":0,"20":0,"21":0,"22":0},"f":{"0":0,"1":0,"2":0,"3":0,"4":0,"5":0},"b":{"0":[0,0],"1":[0,0],"2":[0,0],"3":[0,0],"4":[0,0],"5":[0,0],"6":[0,0],"7":[0,0],"8":[0,0]}}
,"E:\\Project\\Solo Rent\\Solo Rent FrontEnd\\src\\Pages\\Dashboard\\Massage\\Massage.jsx": {"path":"E:\\Project\\Solo Rent\\Solo Rent FrontEnd\\src\\Pages\\Dashboard\\Massage\\Massage.jsx","statementMap":{"0":{"start":{"line":7,"column":26},"end":{"line":7,"column":38}},"1":{"start":{"line":9,"column":2},"end":{"line":18,"column":9}},"2":{"start":{"line":10,"column":4},"end":{"line":17,"column":9}},"3":{"start":{"line":13,"column":8},"end":{"line":13,"column":31}},"4":{"start":{"line":16,"column":8},"end":{"line":16,"column":53}},"5":{"start":{"line":20,"column":23},"end":{"line":48,"column":3}},"6":{"start":{"line":21,"column":4},"end":{"line":47,"column":7}},"7":{"start":{"line":30,"column":6},"end":{"line":46,"column":7}},"8":{"start":{"line":31,"column":8},"end":{"line":45,"column":63}},"9":{"start":{"line":35,"column":12},"end":{"line":35,"column":58}},"10":{"start":{"line":35,"column":25},"end":{"line":35,"column":58}},"11":{"start":{"line":36,"column":12},"end":{"line":38,"column":14}},"12":{"start":{"line":37,"column":14},"end":{"line":37,"column":62}},"13":{"start":{"line":37,"column":40},"end":{"line":37,"column":61}},"14":{"start":{"line":39,"column":12},"end":{"line":43,"column":15}},"15":{"start":{"line":45,"column":26},"end":{"line":45,"column":61}},"16":{"start":{"line":50,"column":2},"end":{"line":132,"column":4}},"17":{"start":{"line":86,"column":14},"end":{"line":126,"column":19}},"18":{"start":{"line":121,"column":35},"end":{"line":121,"column":60}}},"fnMap":{"0":{"name":"Massage","decl":{"start":{"line":6,"column":9},"end":{"line":6,"column":16}},"loc":{"start":{"line":6,"column":19},"end":{"line":133,"column":1}},"line":6},"1":{"name":"(anonymous_1)","decl":{"start":{"line":9,"column":12},"end":{"line":9,"column":13}},"loc":{"start":{"line":9,"column":18},"end":{"line":18,"column":3}},"line":9},"2":{"name":"(anonymous_2)","decl":{"start":{"line":12,"column":12},"end":{"line":12,"column":13}},"loc":{"start":{"line":12,"column":26},"end":{"line":14,"column":7}},"line":12},"3":{"name":"(anonymous_3)","decl":{"start":{"line":15,"column":13},"end":{"line":15,"column":14}},"loc":{"start":{"line":15,"column":24},"end":{"line":17,"column":7}},"line":15},"4":{"name":"(anonymous_4)","decl":{"start":{"line":20,"column":23},"end":{"line":20,"column":24}},"loc":{"start":{"line":20,"column":31},"end":{"line":48,"column":3}},"line":20},"5":{"name":"(anonymous_5)","decl":{"start":{"line":29,"column":12},"end":{"line":29,"column":13}},"loc":{"start":{"line":29,"column":24},"end":{"line":47,"column":5}},"line":29},"6":{"name":"(anonymous_6)","decl":{"start":{"line":34,"column":16},"end":{"line":34,"column":17}},"loc":{"start":{"line":34,"column":25},"end":{"line":44,"column":11}},"line":34},"7":{"name":"(anonymous_7)","decl":{"start":{"line":36,"column":20},"end":{"line":36,"column":21}},"loc":{"start":{"line":37,"column":14},"end":{"line":37,"column":62}},"line":37},"8":{"name":"(anonymous_8)","decl":{"start":{"line":37,"column":30},"end":{"line":37,"column":31}},"loc":{"start":{"line":37,"column":40},"end":{"line":37,"column":61}},"line":37},"9":{"name":"(anonymous_9)","decl":{"start":{"line":45,"column":17},"end":{"line":45,"column":18}},"loc":{"start":{"line":45,"column":26},"end":{"line":45,"column":61}},"line":45},"10":{"name":"(anonymous_10)","decl":{"start":{"line":85,"column":22},"end":{"line":85,"column":23}},"loc":{"start":{"line":86,"column":14},"end":{"line":126,"column":19}},"line":86},"11":{"name":"(anonymous_11)","decl":{"start":{"line":121,"column":29},"end":{"line":121,"column":30}},"loc":{"start":{"line":121,"column":35},"end":{"line":121,"column":60}},"line":121}},"branchMap":{"0":{"loc":{"start":{"line":30,"column":6},"end":{"line":46,"column":7}},"type":"if","locations":[{"start":{"line":30,"column":6},"end":{"line":46,"column":7}},{"start":{},"end":{}}],"line":30},"1":{"loc":{"start":{"line":35,"column":12},"end":{"line":35,"column":58}},"type":"if","locations":[{"start":{"line":35,"column":12},"end":{"line":35,"column":58}},{"start":{},"end":{}}],"line":35},"2":{"loc":{"start":{"line":89,"column":18},"end":{"line":89,"column":61}},"type":"cond-expr","locations":[{"start":{"line":89,"column":36},"end":{"line":89,"column":46}},{"start":{"line":89,"column":49},"end":{"line":89,"column":61}}],"line":89}},"s":{"0":0,"1":0,"2":0,"3":0,"4":0,"5":0,"6":0,"7":0,"8":0,"9":0,"10":0,"11":0,"12":0,"13":0,"14":0,"15":0,"16":0,"17":0,"18":0},"f":{"0":0,"1":0,"2":0,"3":0,"4":0,"5":0,"6":0,"7":0,"8":0,"9":0,"10":0,"11":0},"b":{"0":[0,0],"1":[0,0],"2":[0,0]}}
,"E:\\Project\\Solo Rent\\Solo Rent FrontEnd\\src\\Pages\\Dashboard\\Vehicle\\Vehicle.jsx": {"path":"E:\\Project\\Solo Rent\\Solo Rent FrontEnd\\src\\Pages\\Dashboard\\Vehicle\\Vehicle.jsx","statementMap":{"0":{"start":{"line":6,"column":36},"end":{"line":13,"column":4}},"1":{"start":{"line":15,"column":23},"end":{"line":17,"column":3}},"2":{"start":{"line":16,"column":4},"end":{"line":16,"column":68}},"3":{"start":{"line":21,"column":23},"end":{"line":52,"column":3}},"4":{"start":{"line":22,"column":4},"end":{"line":22,"column":23}},"5":{"start":{"line":25,"column":18},"end":{"line":25,"column":47}},"6":{"start":{"line":26,"column":4},"end":{"line":26,"column":39}},"7":{"start":{"line":28,"column":4},"end":{"line":51,"column":5}},"8":{"start":{"line":29,"column":6},"end":{"line":38,"column":8}},"9":{"start":{"line":40,"column":8},"end":{"line":43,"column":11}},"10":{"start":{"line":46,"column":6},"end":{"line":46,"column":37}},"11":{"start":{"line":47,"column":6},"end":{"line":50,"column":9}},"12":{"start":{"line":54,"column":2},"end":{"line":175,"column":4}}},"fnMap":{"0":{"name":"Vehicle","decl":{"start":{"line":5,"column":9},"end":{"line":5,"column":16}},"loc":{"start":{"line":5,"column":19},"end":{"line":176,"column":1}},"line":5},"1":{"name":"(anonymous_1)","decl":{"start":{"line":15,"column":23},"end":{"line":15,"column":24}},"loc":{"start":{"line":15,"column":30},"end":{"line":17,"column":3}},"line":15},"2":{"name":"(anonymous_2)","decl":{"start":{"line":21,"column":23},"end":{"line":21,"column":24}},"loc":{"start":{"line":21,"column":36},"end":{"line":52,"column":3}},"line":21}},"branchMap":{},"s":{"0":40,"1":40,"2":18,"3":40,"4":6,"5":6,"6":6,"7":6,"8":6,"9":4,"10":2,"11":2,"12":40},"f":{"0":40,"1":18,"2":6},"b":{},"_coverageSchema":"1a1c01bbd47fc00a2c39e90264f33305004495a9","hash":"20401e0fcb7b0ee7fdb55a477b4f3ff64ffa93aa"}
,"E:\\Project\\Solo Rent\\Solo Rent FrontEnd\\src\\Pages\\Service\\Service.jsx": {"path":"E:\\Project\\Solo Rent\\Solo Rent FrontEnd\\src\\Pages\\Service\\Service.jsx","statementMap":{"0":{"start":{"line":11,"column":2},"end":{"line":18,"column":4}}},"fnMap":{"0":{"name":"Service","decl":{"start":{"line":10,"column":9},"end":{"line":10,"column":16}},"loc":{"start":{"line":10,"column":19},"end":{"line":19,"column":1}},"line":10}},"branchMap":{},"s":{"0":0},"f":{"0":0},"b":{}}
,"E:\\Project\\Solo Rent\\Solo Rent FrontEnd\\src\\Pages\\contactUs\\Contact.jsx": {"path":"E:\\Project\\Solo Rent\\Solo Rent FrontEnd\\src\\Pages\\contactUs\\Contact.jsx","statementMap":{"0":{"start":{"line":12,"column":34},"end":{"line":17,"column":4}},"1":{"start":{"line":19,"column":23},"end":{"line":21,"column":3}},"2":{"start":{"line":20,"column":4},"end":{"line":20,"column":66}},"3":{"start":{"line":23,"column":23},"end":{"line":51,"column":3}},"4":{"start":{"line":24,"column":4},"end":{"line":24,"column":23}},"5":{"start":{"line":25,"column":4},"end":{"line":50,"column":5}},"6":{"start":{"line":26,"column":23},"end":{"line":33,"column":7}},"7":{"start":{"line":35,"column":6},"end":{"line":46,"column":7}},"8":{"start":{"line":36,"column":8},"end":{"line":39,"column":11}},"9":{"start":{"line":40,"column":8},"end":{"line":40,"column":71}},"10":{"start":{"line":42,"column":8},"end":{"line":45,"column":11}},"11":{"start":{"line":48,"column":6},"end":{"line":48,"column":53}},"12":{"start":{"line":49,"column":6},"end":{"line":49,"column":34}},"13":{"start":{"line":53,"column":2},"end":{"line":58,"column":9}},"14":{"start":{"line":54,"column":4},"end":{"line":57,"column":7}},"15":{"start":{"line":60,"column":2},"end":{"line":185,"column":4}}},"fnMap":{"0":{"name":"Contact","decl":{"start":{"line":11,"column":24},"end":{"line":11,"column":31}},"loc":{"start":{"line":11,"column":34},"end":{"line":186,"column":1}},"line":11},"1":{"name":"(anonymous_1)","decl":{"start":{"line":19,"column":23},"end":{"line":19,"column":24}},"loc":{"start":{"line":19,"column":30},"end":{"line":21,"column":3}},"line":19},"2":{"name":"(anonymous_2)","decl":{"start":{"line":23,"column":23},"end":{"line":23,"column":24}},"loc":{"start":{"line":23,"column":36},"end":{"line":51,"column":3}},"line":23},"3":{"name":"(anonymous_3)","decl":{"start":{"line":53,"column":12},"end":{"line":53,"column":13}},"loc":{"start":{"line":53,"column":18},"end":{"line":58,"column":3}},"line":53}},"branchMap":{"0":{"loc":{"start":{"line":35,"column":6},"end":{"line":46,"column":7}},"type":"if","locations":[{"start":{"line":35,"column":6},"end":{"line":46,"column":7}},{"start":{"line":41,"column":13},"end":{"line":46,"column":7}}],"line":35}},"s":{"0":0,"1":0,"2":0,"3":0,"4":0,"5":0,"6":0,"7":0,"8":0,"9":0,"10":0,"11":0,"12":0,"13":0,"14":0,"15":0},"f":{"0":0,"1":0,"2":0,"3":0},"b":{"0":[0,0]}}
,"E:\\Project\\Solo Rent\\Solo Rent FrontEnd\\src\\Pages\\home\\Home.jsx": {"path":"E:\\Project\\Solo Rent\\Solo Rent FrontEnd\\src\\Pages\\home\\Home.jsx","statementMap":{"0":{"start":{"line":21,"column":38},"end":{"line":21,"column":53}},"1":{"start":{"line":22,"column":42},"end":{"line":22,"column":53}},"2":{"start":{"line":23,"column":21},"end":{"line":23,"column":22}},"3":{"start":{"line":24,"column":29},"end":{"line":24,"column":41}},"4":{"start":{"line":26,"column":20},"end":{"line":28,"column":3}},"5":{"start":{"line":27,"column":4},"end":{"line":27,"column":76}},"6":{"start":{"line":27,"column":30},"end":{"line":27,"column":74}},"7":{"start":{"line":30,"column":26},"end":{"line":34,"column":3}},"8":{"start":{"line":31,"column":4},"end":{"line":33,"column":13}},"9":{"start":{"line":32,"column":6},"end":{"line":32,"column":19}},"10":{"start":{"line":36,"column":2},"end":{"line":43,"column":9}},"11":{"start":{"line":37,"column":4},"end":{"line":37,"column":22}},"12":{"start":{"line":38,"column":4},"end":{"line":42,"column":6}},"13":{"start":{"line":39,"column":6},"end":{"line":41,"column":7}},"14":{"start":{"line":40,"column":8},"end":{"line":40,"column":50}},"15":{"start":{"line":45,"column":2},"end":{"line":50,"column":9}},"16":{"start":{"line":46,"column":4},"end":{"line":49,"column":7}},"17":{"start":{"line":52,"column":2},"end":{"line":127,"column":4}},"18":{"start":{"line":64,"column":20},"end":{"line":70,"column":26}},"19":{"start":{"line":116,"column":29},"end":{"line":116,"column":55}},"20":{"start":{"line":121,"column":54},"end":{"line":121,"column":74}}},"fnMap":{"0":{"name":"Home","decl":{"start":{"line":20,"column":9},"end":{"line":20,"column":13}},"loc":{"start":{"line":20,"column":16},"end":{"line":128,"column":1}},"line":20},"1":{"name":"(anonymous_1)","decl":{"start":{"line":26,"column":20},"end":{"line":26,"column":21}},"loc":{"start":{"line":26,"column":35},"end":{"line":28,"column":3}},"line":26},"2":{"name":"(anonymous_2)","decl":{"start":{"line":27,"column":20},"end":{"line":27,"column":21}},"loc":{"start":{"line":27,"column":30},"end":{"line":27,"column":74}},"line":27},"3":{"name":"(anonymous_3)","decl":{"start":{"line":30,"column":26},"end":{"line":30,"column":27}},"loc":{"start":{"line":30,"column":32},"end":{"line":34,"column":3}},"line":30},"4":{"name":"(anonymous_4)","decl":{"start":{"line":31,"column":45},"end":{"line":31,"column":46}},"loc":{"start":{"line":31,"column":51},"end":{"line":33,"column":5}},"line":31},"5":{"name":"(anonymous_5)","decl":{"start":{"line":36,"column":12},"end":{"line":36,"column":13}},"loc":{"start":{"line":36,"column":18},"end":{"line":43,"column":3}},"line":36},"6":{"name":"(anonymous_6)","decl":{"start":{"line":38,"column":11},"end":{"line":38,"column":12}},"loc":{"start":{"line":38,"column":17},"end":{"line":42,"column":5}},"line":38},"7":{"name":"(anonymous_7)","decl":{"start":{"line":45,"column":12},"end":{"line":45,"column":13}},"loc":{"start":{"line":45,"column":18},"end":{"line":50,"column":3}},"line":45},"8":{"name":"(anonymous_8)","decl":{"start":{"line":63,"column":18},"end":{"line":63,"column":19}},"loc":{"start":{"line":64,"column":20},"end":{"line":70,"column":26}},"line":64},"9":{"name":"(anonymous_9)","decl":{"start":{"line":116,"column":23},"end":{"line":116,"column":24}},"loc":{"start":{"line":116,"column":29},"end":{"line":116,"column":55}},"line":116},"10":{"name":"(anonymous_10)","decl":{"start":{"line":121,"column":48},"end":{"line":121,"column":49}},"loc":{"start":{"line":121,"column":54},"end":{"line":121,"column":74}},"line":121}},"branchMap":{"0":{"loc":{"start":{"line":39,"column":6},"end":{"line":41,"column":7}},"type":"if","locations":[{"start":{"line":39,"column":6},"end":{"line":41,"column":7}},{"start":{},"end":{}}],"line":39},"1":{"loc":{"start":{"line":121,"column":13},"end":{"line":121,"column":78}},"type":"binary-expr","locations":[{"start":{"line":121,"column":13},"end":{"line":121,"column":23}},{"start":{"line":121,"column":27},"end":{"line":121,"column":78}}],"line":121}},"s":{"0":0,"1":0,"2":0,"3":0,"4":0,"5":0,"6":0,"7":0,"8":0,"9":0,"10":0,"11":0,"12":0,"13":0,"14":0,"15":0,"16":0,"17":0,"18":0,"19":0,"20":0},"f":{"0":0,"1":0,"2":0,"3":0,"4":0,"5":0,"6":0,"7":0,"8":0,"9":0,"10":0},"b":{"0":[0,0],"1":[0,0]}}
}
