TN:
SF:src\App.jsx
FN:17,ProtectedRoute
FN:22,App
FNF:2
FNH:0
FNDA:0,ProtectedRoute
FNDA:0,App
DA:18,0
DA:19,0
DA:23,0
LF:3
LH:0
BRDA:19,0,0,0
BRDA:19,0,1,0
BRF:2
BRH:0
end_of_record
TN:
SF:src\Compornents\BodyContent\BodyContent.jsx
FN:3,BodyContent
FNF:1
FNH:0
FNDA:0,BodyContent
DA:4,0
LF:1
LH:0
BRF:0
BRH:0
end_of_record
TN:
SF:src\Compornents\CardContent\DashboardCard.jsx
FN:3,(anonymous_0)
FNF:1
FNH:0
FNDA:0,(anonymous_0)
DA:3,0
DA:12,0
DA:22,0
DA:32,0
DA:39,0
DA:40,0
DA:41,0
DA:44,0
DA:45,0
DA:58,0
LF:10
LH:0
BRDA:7,0,0,0
BRDA:8,1,0,0
BRDA:9,2,0,0
BRDA:32,3,0,0
BRDA:32,3,1,0
BRDA:44,4,0,0
BRDA:44,4,1,0
BRDA:65,5,0,0
BRDA:65,5,1,0
BRDA:67,6,0,0
BRDA:67,6,1,0
BRDA:73,7,0,0
BRDA:73,7,1,0
BRF:13
BRH:0
end_of_record
TN:
SF:src\Compornents\CarouselContent\CarouselContent.jsx
FN:3,CarouselContent
FNF:1
FNH:0
FNDA:0,CarouselContent
DA:4,0
LF:1
LH:0
BRF:0
BRH:0
end_of_record
TN:
SF:src\Compornents\ChatContent\Chatwindow.jsx
FN:11,ChatWindow
FN:25,(anonymous_1)
FN:29,(anonymous_2)
FN:34,(anonymous_3)
FN:39,(anonymous_4)
FN:48,(anonymous_5)
FN:53,(anonymous_6)
FN:61,(anonymous_7)
FN:65,(anonymous_8)
FN:122,(anonymous_9)
FN:140,(anonymous_10)
FN:146,(anonymous_11)
FN:168,(anonymous_12)
FN:189,(anonymous_13)
FN:192,(anonymous_14)
FN:210,(anonymous_15)
FN:214,(anonymous_16)
FNF:17
FNH:0
FNDA:0,ChatWindow
FNDA:0,(anonymous_1)
FNDA:0,(anonymous_2)
FNDA:0,(anonymous_3)
FNDA:0,(anonymous_4)
FNDA:0,(anonymous_5)
FNDA:0,(anonymous_6)
FNDA:0,(anonymous_7)
FNDA:0,(anonymous_8)
FNDA:0,(anonymous_9)
FNDA:0,(anonymous_10)
FNDA:0,(anonymous_11)
FNDA:0,(anonymous_12)
FNDA:0,(anonymous_13)
FNDA:0,(anonymous_14)
FNDA:0,(anonymous_15)
FNDA:0,(anonymous_16)
DA:5,0
DA:12,0
DA:13,0
DA:21,0
DA:22,0
DA:23,0
DA:25,0
DA:26,0
DA:29,0
DA:30,0
DA:31,0
DA:34,0
DA:35,0
DA:39,0
DA:40,0
DA:42,0
DA:48,0
DA:49,0
DA:50,0
DA:51,0
DA:53,0
DA:55,0
DA:61,0
DA:64,0
DA:65,0
DA:75,0
DA:122,0
DA:123,0
DA:124,0
DA:125,0
DA:126,0
DA:127,0
DA:128,0
DA:132,0
DA:133,0
DA:134,0
DA:135,0
DA:136,0
DA:138,0
DA:140,0
DA:141,0
DA:142,0
DA:143,0
DA:146,0
DA:147,0
DA:149,0
DA:169,0
DA:190,0
DA:192,0
DA:210,0
DA:214,0
LF:51
LH:0
BRDA:30,0,0,0
BRDA:30,0,1,0
BRDA:40,1,0,0
BRDA:40,1,1,0
BRDA:124,2,0,0
BRDA:124,2,1,0
BRDA:124,3,0,0
BRDA:124,3,1,0
BRDA:126,4,0,0
BRDA:126,4,1,0
BRDA:128,5,0,0
BRDA:128,5,1,0
BRDA:129,6,0,0
BRDA:129,6,1,0
BRDA:133,7,0,0
BRDA:133,7,1,0
BRDA:135,8,0,0
BRDA:135,8,1,0
BRDA:141,9,0,0
BRDA:141,9,1,0
BRDA:141,10,0,0
BRDA:141,10,1,0
BRDA:176,11,0,0
BRDA:176,11,1,0
BRDA:185,12,0,0
BRDA:185,12,1,0
BRDA:215,13,0,0
BRDA:215,13,1,0
BRDA:217,14,0,0
BRDA:217,14,1,0
BRDA:217,15,0,0
BRDA:217,15,1,0
BRF:32
BRH:0
end_of_record
TN:
SF:src\Compornents\ChatContent\MessageBubble.jsx
FN:4,MessageBubble
FN:7,(anonymous_1)
FNF:2
FNH:0
FNDA:0,MessageBubble
FNDA:0,(anonymous_1)
DA:7,0
DA:8,0
DA:13,0
LF:3
LH:0
BRDA:14,0,0,0
BRDA:14,0,1,0
BRDA:17,1,0,0
BRDA:17,1,1,0
BRDA:25,2,0,0
BRDA:25,2,1,0
BRF:6
BRH:0
end_of_record
TN:
SF:src\Compornents\ChooseContent\Choose.jsx
FN:6,Choose
FN:7,(anonymous_1)
FNF:2
FNH:0
FNDA:0,Choose
FNDA:0,(anonymous_1)
DA:7,0
DA:8,0
DA:13,0
LF:3
LH:0
BRF:0
BRH:0
end_of_record
TN:
SF:src\Compornents\FAQ\Faq.jsx
FN:6,Faq
FN:55,(anonymous_1)
FN:63,(anonymous_2)
FN:94,(anonymous_3)
FNF:4
FNH:0
FNDA:0,Faq
FNDA:0,(anonymous_1)
FNDA:0,(anonymous_2)
FNDA:0,(anonymous_3)
DA:7,0
DA:8,0
DA:9,0
DA:41,0
DA:56,0
DA:63,0
DA:94,0
LF:7
LH:0
BRDA:58,0,0,0
BRDA:58,0,1,0
BRDA:63,1,0,0
BRDA:63,1,1,0
BRDA:69,2,0,0
BRDA:69,2,1,0
BRDA:77,3,0,0
BRDA:77,3,1,0
BRF:8
BRH:0
end_of_record
TN:
SF:src\Compornents\FooterContent\FooterContent.jsx
FN:3,FooterContent
FNF:1
FNH:0
FNDA:0,FooterContent
DA:4,0
LF:1
LH:0
BRF:0
BRH:0
end_of_record
TN:
SF:src\Compornents\InputFields\DatePicker.jsx
FN:3,DatePicker
FNF:1
FNH:1
FNDA:118,DatePicker
DA:4,118
LF:1
LH:1
BRF:0
BRH:0
end_of_record
TN:
SF:src\Compornents\InputFields\TextField.jsx
FN:2,TextField
FNF:1
FNH:1
FNDA:354,TextField
DA:3,354
LF:1
LH:1
BRF:0
BRH:0
end_of_record
TN:
SF:src\Compornents\MapContent\Map.jsx
FN:3,Map
FNF:1
FNH:0
FNDA:0,Map
DA:4,0
LF:1
LH:0
BRF:0
BRH:0
end_of_record
TN:
SF:src\Compornents\NavbarContent\NavbarContent.jsx
FN:6,NavbarContent
FNF:1
FNH:0
FNDA:0,NavbarContent
DA:7,0
LF:1
LH:0
BRF:0
BRH:0
end_of_record
TN:
SF:src\Compornents\OfferContent\Offer.jsx
FN:3,Offer
FN:32,(anonymous_1)
FNF:2
FNH:0
FNDA:0,Offer
FNDA:0,(anonymous_1)
DA:4,0
DA:25,0
DA:33,0
LF:3
LH:0
BRF:0
BRH:0
end_of_record
TN:
SF:src\Compornents\ServicePageContent\ProfessionalServices.jsx
FN:4,(anonymous_0)
FN:5,(anonymous_1)
FN:7,(anonymous_2)
FN:8,(anonymous_3)
FN:19,(anonymous_4)
FN:21,(anonymous_5)
FN:22,(anonymous_6)
FN:76,(anonymous_7)
FNF:8
FNH:0
FNDA:0,(anonymous_0)
FNDA:0,(anonymous_1)
FNDA:0,(anonymous_2)
FNDA:0,(anonymous_3)
FNDA:0,(anonymous_4)
FNDA:0,(anonymous_5)
FNDA:0,(anonymous_6)
FNDA:0,(anonymous_7)
DA:4,0
DA:5,0
DA:6,0
DA:8,0
DA:9,0
DA:10,0
DA:11,0
DA:18,0
DA:19,0
DA:21,0
DA:22,0
DA:26,0
DA:60,0
DA:77,0
LF:14
LH:0
BRDA:9,0,0,0
BRDA:9,0,1,0
BRF:2
BRH:0
end_of_record
TN:
SF:src\Compornents\ServicePageContent\SmoothJourney.jsx
FN:6,(anonymous_0)
FN:10,(anonymous_1)
FN:12,(anonymous_2)
FN:17,(anonymous_3)
FNF:4
FNH:0
FNDA:0,(anonymous_0)
FNDA:0,(anonymous_1)
FNDA:0,(anonymous_2)
FNDA:0,(anonymous_3)
DA:6,0
DA:7,0
DA:8,0
DA:10,0
DA:11,0
DA:12,0
DA:15,0
DA:17,0
DA:18,0
DA:22,0
LF:10
LH:0
BRDA:15,0,0,0
BRDA:15,0,1,0
BRDA:18,1,0,0
BRDA:18,1,1,0
BRDA:23,2,0,0
BRDA:23,2,1,0
BRF:6
BRH:0
end_of_record
TN:
SF:src\Compornents\ServicePageContent\TransferServices.jsx
FN:3,(anonymous_0)
FN:4,(anonymous_1)
FN:6,(anonymous_2)
FN:7,(anonymous_3)
FN:17,(anonymous_4)
FN:19,(anonymous_5)
FN:20,(anonymous_6)
FNF:7
FNH:0
FNDA:0,(anonymous_0)
FNDA:0,(anonymous_1)
FNDA:0,(anonymous_2)
FNDA:0,(anonymous_3)
FNDA:0,(anonymous_4)
FNDA:0,(anonymous_5)
FNDA:0,(anonymous_6)
DA:3,0
DA:4,0
DA:5,0
DA:7,0
DA:8,0
DA:9,0
DA:16,0
DA:17,0
DA:19,0
DA:20,0
DA:24,0
LF:11
LH:0
BRDA:8,0,0,0
BRDA:8,0,1,0
BRF:2
BRH:0
end_of_record
TN:
SF:src\Pages\Booking\Booking.jsx
FN:7,booking
FN:10,(anonymous_1)
FN:12,(anonymous_2)
FN:15,(anonymous_3)
FN:44,(anonymous_4)
FN:58,(anonymous_5)
FN:61,(anonymous_6)
FN:82,(anonymous_7)
FNF:8
FNH:0
FNDA:0,booking
FNDA:0,(anonymous_1)
FNDA:0,(anonymous_2)
FNDA:0,(anonymous_3)
FNDA:0,(anonymous_4)
FNDA:0,(anonymous_5)
FNDA:0,(anonymous_6)
FNDA:0,(anonymous_7)
DA:8,0
DA:10,0
DA:11,0
DA:13,0
DA:16,0
DA:17,0
DA:21,0
DA:22,0
DA:42,0
DA:44,0
DA:46,0
DA:59,0
DA:61,0
DA:83,0
LF:14
LH:0
BRDA:42,0,0,0
BRDA:42,0,1,0
BRDA:63,1,0,0
BRDA:63,1,1,0
BRDA:67,2,0,0
BRDA:67,2,1,0
BRDA:69,3,0,0
BRDA:69,3,1,0
BRF:8
BRH:0
end_of_record
TN:
SF:src\Pages\Booking\BookingForm.jsx
FN:8,BookingForm
FN:30,(anonymous_1)
FN:34,(anonymous_2)
FN:187,(anonymous_3)
FNF:4
FNH:4
FNDA:59,BookingForm
FNDA:28,(anonymous_1)
FNDA:9,(anonymous_2)
FNDA:1,(anonymous_3)
DA:9,59
DA:10,59
DA:12,59
DA:26,59
DA:28,59
DA:30,59
DA:31,28
DA:34,59
DA:35,9
DA:37,9
DA:38,9
DA:47,9
DA:52,8
DA:53,6
DA:57,6
DA:59,2
DA:60,2
DA:61,2
DA:67,1
DA:68,1
DA:75,59
DA:188,1
LF:22
LH:22
BRDA:16,0,0,59
BRDA:16,0,1,2
BRDA:52,1,0,6
BRDA:52,1,1,2
BRDA:79,2,0,57
BRDA:79,2,1,2
BRF:6
BRH:6
end_of_record
TN:
SF:src\Pages\Dashboard\Dashboard.jsx
FN:6,Dashboard
FN:8,(anonymous_1)
FNF:2
FNH:0
FNDA:0,Dashboard
FNDA:0,(anonymous_1)
DA:7,0
DA:8,0
DA:9,0
DA:10,0
DA:13,0
LF:5
LH:0
BRF:0
BRH:0
end_of_record
TN:
SF:src\Pages\Dashboard\DashboardLanding.jsx
FN:3,DashboardLanding
FN:6,(anonymous_1)
FN:8,(anonymous_2)
FN:9,(anonymous_3)
FN:12,(anonymous_4)
FN:90,(anonymous_5)
FNF:6
FNH:0
FNDA:0,DashboardLanding
FNDA:0,(anonymous_1)
FNDA:0,(anonymous_2)
FNDA:0,(anonymous_3)
FNDA:0,(anonymous_4)
FNDA:0,(anonymous_5)
DA:4,0
DA:6,0
DA:7,0
DA:8,0
DA:10,0
DA:13,0
DA:17,0
DA:91,0
LF:8
LH:0
BRF:0
BRH:0
end_of_record
TN:
SF:src\Pages\Dashboard\Admin\AdminLogin.jsx
FN:7,AdminLogin
FN:18,(anonymous_1)
FN:22,(anonymous_2)
FNF:3
FNH:3
FNDA:36,AdminLogin
FNDA:16,(anonymous_1)
FNDA:7,(anonymous_2)
DA:8,36
DA:15,36
DA:16,36
DA:18,36
DA:19,16
DA:22,36
DA:23,7
DA:25,7
DA:26,7
DA:33,4
DA:35,4
DA:36,4
DA:37,3
DA:38,3
DA:39,3
DA:41,1
DA:44,4
DA:45,4
DA:53,36
LF:19
LH:19
BRDA:36,0,0,3
BRDA:36,0,1,1
BRF:2
BRH:2
end_of_record
TN:
SF:src\Pages\Dashboard\Admin\AdminRegister.jsx
FN:4,AdminRegister
FN:15,(anonymous_1)
FN:19,(anonymous_2)
FNF:3
FNH:3
FNDA:44,AdminRegister
FNDA:27,(anonymous_1)
FNDA:7,(anonymous_2)
DA:5,44
DA:13,44
DA:15,44
DA:16,27
DA:19,44
DA:20,7
DA:22,7
DA:23,2
DA:24,2
DA:27,5
DA:28,5
DA:37,5
DA:39,4
DA:40,3
DA:44,3
DA:46,1
DA:53,1
DA:54,1
DA:62,44
LF:19
LH:19
BRDA:22,0,0,2
BRDA:22,0,1,5
BRDA:39,1,0,3
BRDA:39,1,1,1
BRF:4
BRH:4
end_of_record
TN:
SF:src\Pages\Dashboard\BookingView\BookingView.jsx
FN:7,BookingView
FN:12,(anonymous_1)
FN:14,(anonymous_2)
FN:32,(anonymous_3)
FN:68,(anonymous_4)
FN:86,(anonymous_5)
FNF:6
FNH:0
FNDA:0,BookingView
FNDA:0,(anonymous_1)
FNDA:0,(anonymous_2)
FNDA:0,(anonymous_3)
FNDA:0,(anonymous_4)
FNDA:0,(anonymous_5)
DA:5,0
DA:8,0
DA:9,0
DA:10,0
DA:12,0
DA:13,0
DA:14,0
DA:15,0
DA:16,0
DA:17,0
DA:18,0
DA:19,0
DA:21,0
DA:22,0
DA:24,0
DA:25,0
DA:28,0
DA:31,0
DA:32,0
DA:35,0
DA:69,0
DA:86,0
LF:22
LH:0
BRDA:5,0,0,0
BRDA:5,0,1,0
BRDA:18,1,0,0
BRDA:18,1,1,0
BRDA:22,2,0,0
BRDA:22,2,1,0
BRDA:24,3,0,0
BRDA:24,3,1,0
BRDA:25,4,0,0
BRDA:25,4,1,0
BRDA:37,5,0,0
BRDA:37,5,1,0
BRDA:42,6,0,0
BRDA:42,6,1,0
BRDA:63,7,0,0
BRDA:63,7,1,0
BRDA:69,8,0,0
BRDA:69,8,1,0
BRF:18
BRH:0
end_of_record
TN:
SF:src\Pages\Dashboard\Massage\Massage.jsx
FN:6,Massage
FN:9,(anonymous_1)
FN:12,(anonymous_2)
FN:15,(anonymous_3)
FN:20,(anonymous_4)
FN:29,(anonymous_5)
FN:34,(anonymous_6)
FN:36,(anonymous_7)
FN:37,(anonymous_8)
FN:45,(anonymous_9)
FN:85,(anonymous_10)
FN:121,(anonymous_11)
FNF:12
FNH:0
FNDA:0,Massage
FNDA:0,(anonymous_1)
FNDA:0,(anonymous_2)
FNDA:0,(anonymous_3)
FNDA:0,(anonymous_4)
FNDA:0,(anonymous_5)
FNDA:0,(anonymous_6)
FNDA:0,(anonymous_7)
FNDA:0,(anonymous_8)
FNDA:0,(anonymous_9)
FNDA:0,(anonymous_10)
FNDA:0,(anonymous_11)
DA:7,0
DA:9,0
DA:10,0
DA:13,0
DA:16,0
DA:20,0
DA:21,0
DA:30,0
DA:31,0
DA:35,0
DA:36,0
DA:37,0
DA:39,0
DA:45,0
DA:50,0
DA:86,0
DA:121,0
LF:17
LH:0
BRDA:30,0,0,0
BRDA:30,0,1,0
BRDA:35,1,0,0
BRDA:35,1,1,0
BRDA:89,2,0,0
BRDA:89,2,1,0
BRF:6
BRH:0
end_of_record
TN:
SF:src\Pages\Dashboard\Vehicle\Vehicle.jsx
FN:5,Vehicle
FN:15,(anonymous_1)
FN:21,(anonymous_2)
FNF:3
FNH:3
FNDA:40,Vehicle
FNDA:18,(anonymous_1)
FNDA:6,(anonymous_2)
DA:6,40
DA:15,40
DA:16,18
DA:21,40
DA:22,6
DA:25,6
DA:26,6
DA:28,6
DA:29,6
DA:40,4
DA:46,2
DA:47,2
DA:54,40
LF:13
LH:13
BRF:0
BRH:0
end_of_record
TN:
SF:src\Pages\Service\Service.jsx
FN:10,Service
FNF:1
FNH:0
FNDA:0,Service
DA:11,0
LF:1
LH:0
BRF:0
BRH:0
end_of_record
TN:
SF:src\Pages\contactUs\Contact.jsx
FN:11,Contact
FN:19,(anonymous_1)
FN:23,(anonymous_2)
FN:53,(anonymous_3)
FNF:4
FNH:0
FNDA:0,Contact
FNDA:0,(anonymous_1)
FNDA:0,(anonymous_2)
FNDA:0,(anonymous_3)
DA:12,0
DA:19,0
DA:20,0
DA:23,0
DA:24,0
DA:25,0
DA:26,0
DA:35,0
DA:36,0
DA:40,0
DA:42,0
DA:48,0
DA:49,0
DA:53,0
DA:54,0
DA:60,0
LF:16
LH:0
BRDA:35,0,0,0
BRDA:35,0,1,0
BRF:2
BRH:0
end_of_record
TN:
SF:src\Pages\home\Home.jsx
FN:20,Home
FN:26,(anonymous_1)
FN:27,(anonymous_2)
FN:30,(anonymous_3)
FN:31,(anonymous_4)
FN:36,(anonymous_5)
FN:38,(anonymous_6)
FN:45,(anonymous_7)
FN:63,(anonymous_8)
FN:116,(anonymous_9)
FN:121,(anonymous_10)
FNF:11
FNH:0
FNDA:0,Home
FNDA:0,(anonymous_1)
FNDA:0,(anonymous_2)
FNDA:0,(anonymous_3)
FNDA:0,(anonymous_4)
FNDA:0,(anonymous_5)
FNDA:0,(anonymous_6)
FNDA:0,(anonymous_7)
FNDA:0,(anonymous_8)
FNDA:0,(anonymous_9)
FNDA:0,(anonymous_10)
DA:21,0
DA:22,0
DA:23,0
DA:24,0
DA:26,0
DA:27,0
DA:30,0
DA:31,0
DA:32,0
DA:36,0
DA:37,0
DA:38,0
DA:39,0
DA:40,0
DA:45,0
DA:46,0
DA:52,0
DA:64,0
DA:116,0
DA:121,0
LF:20
LH:0
BRDA:39,0,0,0
BRDA:39,0,1,0
BRDA:121,1,0,0
BRDA:121,1,1,0
BRF:4
BRH:0
end_of_record
